                      :-) GROMACS - gmx mdrun, 2020.6 (-:

                            GROMACS is written by:
     Emile Apol      Rossen Apostolov      Paul Bauer     Herman J.C. Berendsen
    Par Bjelkmar      Christian Blau   Viacheslav Bolnykh     Kevin Boyd
 Aldert van Buuren   Rudi van Drunen     Anton Feenstra       Alan Gray
  Gerrit Groenhof     Anca Hamuraru    Vincent Hindriksen  M. Eric Irrgang
  Aleksei Iupinov   Christoph Junghans     Joe Jordan     Dimitrios Karkoulis
    Peter Kasson        Jiri Kraus      Carsten Kutzner      Per Larsson
  Justin A. Lemkul    Viveca Lindahl    Magnus Lundborg     Erik Marklund
    Pascal Merz     Pieter Meulenhoff    Teemu Murtola       Szilard Pall
    Sander Pronk      Roland Schulz      Michael Shirts    Alexey Shvetsov
   Alfons Sijbers     Peter Tieleman      Jon Vincent      Teemu Virolainen
 Christian Wennberg    Maarten Wolf      Artem Zhmurov
                           and the project leaders:
        Mark Abraham, Berk Hess, Erik Lindahl, and David van der Spoel

Copyright (c) 1991-2000, University of Groningen, The Netherlands.
Copyright (c) 2001-2019, The GROMACS development team at
Uppsala University, Stockholm University and
the Royal Institute of Technology, Sweden.
check out http://www.gromacs.org for more information.

GROMACS is free software; you can redistribute it and/or modify it
under the terms of the GNU Lesser General Public License
as published by the Free Software Foundation; either version 2.1
of the License, or (at your option) any later version.

GROMACS:      gmx mdrun, version 2020.6
Executable:   /Users/quachcd/mambaforge/envs/mosdef-study38/bin.AVX2_256/gmx
Data prefix:  /Users/quachcd/mambaforge/envs/mosdef-study38
Working dir:  /Users/quachcd/Documents/science/reproducibility/reproducibility_study/reproducibility_project/spe_subproject/workspace/de0193cd6296c231319454d83625b4c5
Process ID:   49284
Command line:
  gmx mdrun -v -deffnm nvt_p3m -s nvt_p3m.tpr -cpi nvt_p3m.cpt -nt 16

GROMACS version:    2020.6
Verified release checksum is 2f568d8884e039acbc6b68722432516e0628be00c847969b7c905c8b53ef826f
Precision:          single
Memory model:       64 bit
MPI library:        thread_mpi
OpenMP support:     enabled (GMX_OPENMP_MAX_THREADS = 64)
GPU support:        OpenCL
SIMD instructions:  AVX2_256
FFT library:        fftw-3.3.10-sse2-avx
RDTSCP usage:       enabled
TNG support:        enabled
Hwloc support:      hwloc-2.4.1
Tracing support:    disabled
C compiler:         /Users/distiller/project/miniconda/conda-bld/gromacs_1618502294889/_build_env/bin/x86_64-apple-darwin13.4.0-clang Clang 11.1.0
C compiler flags:   -mavx2 -mfma -O3 -DNDEBUG
C++ compiler:       /Users/distiller/project/miniconda/conda-bld/gromacs_1618502294889/_build_env/bin/x86_64-apple-darwin13.4.0-clang++ Clang 11.1.0
C++ compiler flags: -mavx2 -mfma -fopenmp=libomp -O3 -DNDEBUG
OpenCL include dir: /Applications/Xcode-9.4.1.app/Contents/Developer/Platforms/MacOSX.platform/Developer/SDKs/MacOSX10.13.sdk/System/Library/Frameworks/OpenCL.framework
OpenCL library:     /Applications/Xcode-9.4.1.app/Contents/Developer/Platforms/MacOSX.platform/Developer/SDKs/MacOSX10.13.sdk/System/Library/Frameworks/OpenCL.framework
OpenCL version:     2.2


Running on 1 node with total 4 cores, 8 logical cores, 0 compatible GPUs
Hardware detected:
  CPU info:
    Vendor: Intel
    Brand:  Intel(R) Core(TM) i5-8279U CPU @ 2.40GHz
    Family: 6   Model: 142   Stepping: 10
    Features: aes apic avx avx2 clfsh cmov cx8 cx16 f16c fma htt intel lahf mmx msr nonstop_tsc pcid pclmuldq pdcm pdpe1gb popcnt pse rdrnd rdtscp sse2 sse3 sse4.1 sse4.2 ssse3 tdt x2apic
  Hardware topology: Full
    Sockets, cores, and logical processors:
      Socket  0: [   0   1] [   2   3] [   4   5] [   6   7]
    Numa nodes:
      Node  0 (17179869184 bytes mem):   0   1   2   3   4   5   6   7
      Latency:
               0
         0  1.00
    Caches:
      L1: 32768 bytes, linesize 64 bytes, assoc. 0, shared 2 ways
      L2: 262144 bytes, linesize 64 bytes, assoc. 4, shared 2 ways
      L3: 6291456 bytes, linesize 64 bytes, assoc. 0, shared 8 ways
  GPU info:
    Number of GPUs detected: 1
    #0: name: Intel(R) Iris(TM) Plus Graphics 655, vendor: Intel Inc., device version: OpenCL 1.2 , stat: incompatible (please recompile with GMX_OPENCL_NB_CLUSTER_SIZE=4)


++++ PLEASE READ AND CITE THE FOLLOWING REFERENCE ++++
M. J. Abraham, T. Murtola, R. Schulz, S. Páll, J. C. Smith, B. Hess, E.
Lindahl
GROMACS: High performance molecular simulations through multi-level
parallelism from laptops to supercomputers
SoftwareX 1 (2015) pp. 19-25
-------- -------- --- Thank You --- -------- --------


++++ PLEASE READ AND CITE THE FOLLOWING REFERENCE ++++
S. Páll, M. J. Abraham, C. Kutzner, B. Hess, E. Lindahl
Tackling Exascale Software Challenges in Molecular Dynamics Simulations with
GROMACS
In S. Markidis & E. Laure (Eds.), Solving Software Challenges for Exascale 8759 (2015) pp. 3-27
-------- -------- --- Thank You --- -------- --------


++++ PLEASE READ AND CITE THE FOLLOWING REFERENCE ++++
S. Pronk, S. Páll, R. Schulz, P. Larsson, P. Bjelkmar, R. Apostolov, M. R.
Shirts, J. C. Smith, P. M. Kasson, D. van der Spoel, B. Hess, and E. Lindahl
GROMACS 4.5: a high-throughput and highly parallel open source molecular
simulation toolkit
Bioinformatics 29 (2013) pp. 845-54
-------- -------- --- Thank You --- -------- --------


++++ PLEASE READ AND CITE THE FOLLOWING REFERENCE ++++
B. Hess and C. Kutzner and D. van der Spoel and E. Lindahl
GROMACS 4: Algorithms for highly efficient, load-balanced, and scalable
molecular simulation
J. Chem. Theory Comput. 4 (2008) pp. 435-447
-------- -------- --- Thank You --- -------- --------


++++ PLEASE READ AND CITE THE FOLLOWING REFERENCE ++++
D. van der Spoel, E. Lindahl, B. Hess, G. Groenhof, A. E. Mark and H. J. C.
Berendsen
GROMACS: Fast, Flexible and Free
J. Comp. Chem. 26 (2005) pp. 1701-1719
-------- -------- --- Thank You --- -------- --------


++++ PLEASE READ AND CITE THE FOLLOWING REFERENCE ++++
E. Lindahl and B. Hess and D. van der Spoel
GROMACS 3.0: A package for molecular simulation and trajectory analysis
J. Mol. Mod. 7 (2001) pp. 306-317
-------- -------- --- Thank You --- -------- --------


++++ PLEASE READ AND CITE THE FOLLOWING REFERENCE ++++
H. J. C. Berendsen, D. van der Spoel and R. van Drunen
GROMACS: A message-passing parallel molecular dynamics implementation
Comp. Phys. Comm. 91 (1995) pp. 43-56
-------- -------- --- Thank You --- -------- --------


++++ PLEASE CITE THE DOI FOR THIS VERSION OF GROMACS ++++
https://doi.org/10.5281/zenodo.4576055
-------- -------- --- Thank You --- -------- --------

Input Parameters:
   integrator                     = md
   tinit                          = 0
   dt                             = 0.001
   nsteps                         = 0
   init-step                      = 0
   simulation-part                = 1
   comm-mode                      = Linear
   nstcomm                        = 100
   bd-fric                        = 0
   ld-seed                        = 1986390527
   emtol                          = 10
   emstep                         = 0.01
   niter                          = 20
   fcstep                         = 0
   nstcgsteep                     = 1000
   nbfgscorr                      = 10
   rtpi                           = 0.05
   nstxout                        = 10000
   nstvout                        = 10000
   nstfout                        = 0
   nstlog                         = 1000
   nstcalcenergy                  = 100
   nstenergy                      = 1000
   nstxout-compressed             = 0
   compressed-x-precision         = 1000
   cutoff-scheme                  = Verlet
   nstlist                        = 10
   pbc                            = xyz
   periodic-molecules             = false
   verlet-buffer-tolerance        = 0.005
   rlist                          = 1.4
   coulombtype                    = P3M-AD
   coulomb-modifier               = None
   rcoulomb-switch                = 0
   rcoulomb                       = 1.4
   epsilon-r                      = 1
   epsilon-rf                     = inf
   vdw-type                       = Cut-off
   vdw-modifier                   = None
   rvdw-switch                    = 0
   rvdw                           = 1.4
   DispCorr                       = EnerPres
   table-extension                = 1
   fourierspacing                 = 0.1
   fourier-nx                     = 42
   fourier-ny                     = 42
   fourier-nz                     = 42
   pme-order                      = 4
   ewald-rtol                     = 0.0001
   ewald-rtol-lj                  = 0.001
   lj-pme-comb-rule               = Geometric
   ewald-geometry                 = 0
   epsilon-surface                = 0
   tcoupl                         = Nose-Hoover
   nsttcouple                     = 10
   nh-chain-length                = 1
   print-nose-hoover-chain-variables = false
   pcoupl                         = No
   pcoupltype                     = Isotropic
   nstpcouple                     = -1
   tau-p                          = 1
   compressibility (3x3):
      compressibility[    0]={ 0.00000e+00,  0.00000e+00,  0.00000e+00}
      compressibility[    1]={ 0.00000e+00,  0.00000e+00,  0.00000e+00}
      compressibility[    2]={ 0.00000e+00,  0.00000e+00,  0.00000e+00}
   ref-p (3x3):
      ref-p[    0]={ 0.00000e+00,  0.00000e+00,  0.00000e+00}
      ref-p[    1]={ 0.00000e+00,  0.00000e+00,  0.00000e+00}
      ref-p[    2]={ 0.00000e+00,  0.00000e+00,  0.00000e+00}
   refcoord-scaling               = No
   posres-com (3):
      posres-com[0]= 0.00000e+00
      posres-com[1]= 0.00000e+00
      posres-com[2]= 0.00000e+00
   posres-comB (3):
      posres-comB[0]= 0.00000e+00
      posres-comB[1]= 0.00000e+00
      posres-comB[2]= 0.00000e+00
   QMMM                           = false
   QMconstraints                  = 0
   QMMMscheme                     = 0
   MMChargeScaleFactor            = 1
qm-opts:
   ngQM                           = 0
   constraint-algorithm           = Lincs
   continuation                   = false
   Shake-SOR                      = false
   shake-tol                      = 0.0001
   lincs-order                    = 4
   lincs-iter                     = 1
   lincs-warnangle                = 30
   nwall                          = 0
   wall-type                      = 9-3
   wall-r-linpot                  = -1
   wall-atomtype[0]               = -1
   wall-atomtype[1]               = -1
   wall-density[0]                = 0
   wall-density[1]                = 0
   wall-ewald-zfac                = 3
   pull                           = false
   awh                            = false
   rotation                       = false
   interactiveMD                  = false
   disre                          = No
   disre-weighting                = Conservative
   disre-mixed                    = false
   dr-fc                          = 1000
   dr-tau                         = 0
   nstdisreout                    = 100
   orire-fc                       = 0
   orire-tau                      = 0
   nstorireout                    = 100
   free-energy                    = no
   cos-acceleration               = 0
   deform (3x3):
      deform[    0]={ 0.00000e+00,  0.00000e+00,  0.00000e+00}
      deform[    1]={ 0.00000e+00,  0.00000e+00,  0.00000e+00}
      deform[    2]={ 0.00000e+00,  0.00000e+00,  0.00000e+00}
   simulated-tempering            = false
   swapcoords                     = no
   userint1                       = 0
   userint2                       = 0
   userint3                       = 0
   userint4                       = 0
   userreal1                      = 0
   userreal2                      = 0
   userreal3                      = 0
   userreal4                      = 0
   applied-forces:
     electric-field:
       x:
         E0                       = 0
         omega                    = 0
         t0                       = 0
         sigma                    = 0
       y:
         E0                       = 0
         omega                    = 0
         t0                       = 0
         sigma                    = 0
       z:
         E0                       = 0
         omega                    = 0
         t0                       = 0
         sigma                    = 0
     density-guided-simulation:
       active                     = false
       group                      = protein
       similarity-measure         = inner-product
       atom-spreading-weight      = unity
       force-constant             = 1e+09
       gaussian-transform-spreading-width = 0.2
       gaussian-transform-spreading-range-in-multiples-of-width = 4
       reference-density-filename = reference.mrc
       nst                        = 1
       normalize-densities        = true
       adaptive-force-scaling     = false
       adaptive-force-scaling-time-constant = 4
grpopts:
   nrdf:        4497
   ref-t:         372
   tau-t:           1
annealing:          No
annealing-npoints:           0
   acc:	           0           0           0
   nfreeze:           N           N           N
   energygrp-flags[  0]: 0

Changing nstlist from 10 to 100, rlist from 1.4 to 1.4

Using 1 MPI thread

Non-default thread affinity set, disabling internal thread affinity

Using 16 OpenMP threads


WARNING: Oversubscribing the available 8 logical CPU cores with 16 threads.
         This will cause considerable performance loss.
System total charge: 0.000
Will do PME sum in reciprocal space for electrostatic interactions.

++++ PLEASE READ AND CITE THE FOLLOWING REFERENCE ++++
R. W. Hockney and J. W. Eastwood
Computer simulation using particles
IOP, Bristol 1 (1988) pp. 1
-------- -------- --- Thank You --- -------- --------


++++ PLEASE READ AND CITE THE FOLLOWING REFERENCE ++++
V. Ballenegger, J.J. Cerda, and C. Holm
How to Convert SPME to P3M: Influence Functions and Error Estimates
J. Chem. Theory Comput. 8 (2012) pp. 936-947
-------- -------- --- Thank You --- -------- --------

Using a Gaussian width (1/beta) of 0.508894 nm for Ewald
Potential shift: LJ r^-12: 0.000e+00 r^-6: 0.000e+00, Ewald -0.000e+00
Initialized non-bonded Ewald tables, spacing: 1.18e-03 size: 1192


Using SIMD 4x8 nonbonded short-range kernels

Using a 4x8 pair-list setup:
  updated every 100 steps, buffer 0.000 nm, rlist 1.400 nm
At tolerance 0.005 kJ/mol/ps per atom, equivalent classical 1x1 list would be:
  updated every 100 steps, buffer 0.034 nm, rlist 1.434 nm

Using Lorentz-Berthelot Lennard-Jones combination rule

Long Range LJ corr.: <C6> 7.0332e-03

Removing pbc first time
There are: 1500 Atoms
Center of mass motion removal mode is Linear
We have the following groups for center of mass motion removal:
  0:  rest
Initial temperature: 0 K

Started mdrun on rank 0 Mon Mar 14 15:06:49 2022

           Step           Time
              0        0.00000

   Energies (kJ/mol)
           Bond          Angle Ryckaert-Bell.        LJ (SR)  Disper. corr.
    2.27535e-06    6.77658e-06    5.72205e-03    5.37971e+05   -1.68323e+02
   Coulomb (SR)   Coul. recip.      Potential    Kinetic En.   Total Energy
    0.00000e+00    0.00000e+00    5.37803e+05    6.22919e+04    6.00095e+05
  Conserved En.    Temperature Pres. DC (bar) Pressure (bar)
    6.00095e+05    3.33199e+03   -7.79040e+01    5.34507e+05


	<======  ###############  ==>
	<====  A V E R A G E S  ====>
	<==  ###############  ======>

	Statistics over 1 steps using 1 frames

   Energies (kJ/mol)
           Bond          Angle Ryckaert-Bell.        LJ (SR)  Disper. corr.
    2.27535e-06    6.77658e-06    5.72205e-03    5.37971e+05   -1.68323e+02
   Coulomb (SR)   Coul. recip.      Potential    Kinetic En.   Total Energy
    0.00000e+00    0.00000e+00    5.37803e+05    6.22919e+04    6.00095e+05
  Conserved En.    Temperature Pres. DC (bar) Pressure (bar)
    6.00095e+05    3.33199e+03   -7.79040e+01    5.34507e+05

   Total Virial (kJ/mol)
   -1.22394e+06    3.23247e+04    2.95018e+04
    3.23241e+04   -1.09673e+06   -1.34980e+04
    2.95012e+04   -1.34977e+04   -1.08167e+06

   Pressure (bar)
    5.77001e+05   -1.51898e+04   -1.40021e+04
   -1.51896e+04    5.16812e+05    6.62882e+03
   -1.40018e+04    6.62869e+03    5.09707e+05


	M E G A - F L O P S   A C C O U N T I N G

 NB=Group-cutoff nonbonded kernels    NxN=N-by-N cluster Verlet kernels
 RF=Reaction-Field  VdW=Van der Waals  QSTab=quadratic-spline table
 W3=SPC/TIP3p  W4=TIP4p (single or pairs)
 V&F=Potential and force  V=Potential only  F=Force only

 Computing:                               M-Number         M-Flops  % Flops
-----------------------------------------------------------------------------
 Pair Search distance check               0.330714           2.976     6.7
 NxN LJ [V&F]                             0.481856          20.720    46.6
 Calc Weights                             0.004500           0.162     0.4
 Spread Q Bspline                         0.096000           0.192     0.4
 Gather F Bspline                         0.096000           0.576     1.3
 3D-FFT                                   2.397036          19.176    43.2
 Solve PME                                0.001764           0.113     0.3
 Shift-X                                  0.001500           0.009     0.0
 Bonds                                    0.001200           0.071     0.2
 Angles                                   0.000900           0.151     0.3
 RB-Dihedrals                             0.000600           0.148     0.3
 Virial                                   0.001545           0.028     0.1
 Stop-CM                                  0.003000           0.030     0.1
 Calc-Ekin                                0.003000           0.081     0.2
-----------------------------------------------------------------------------
 Total                                                      44.433   100.0
-----------------------------------------------------------------------------


     R E A L   C Y C L E   A N D   T I M E   A C C O U N T I N G

On 1 MPI rank, each using 16 OpenMP threads

 Computing:          Num   Num      Call    Wall time         Giga-Cycles
                     Ranks Threads  Count      (s)         total sum    %
-----------------------------------------------------------------------------
 Neighbor search        1   16          1       0.001          0.024   9.9
 Force                  1   16          1       0.000          0.010   4.2
 PME mesh               1   16          1       0.001          0.027  11.2
 NB X/F buffer ops.     1   16          1       0.000          0.002   0.8
 Write traj.            1   16          1       0.004          0.144  59.3
 Update                 1   16          1       0.000          0.003   1.2
 Rest                                           0.001          0.033  13.5
-----------------------------------------------------------------------------
 Total                                          0.006          0.243 100.0
-----------------------------------------------------------------------------
 Breakdown of PME mesh computation
-----------------------------------------------------------------------------
 PME spread             1   16          1       0.000          0.006   2.5
 PME gather             1   16          1       0.000          0.006   2.3
 PME 3D-FFT             1   16          2       0.000          0.013   5.4
 PME solve Elec         1   16          1       0.000          0.002   0.8
-----------------------------------------------------------------------------

               Core t (s)   Wall t (s)        (%)
       Time:        0.099        0.006     1559.5
                 (ns/day)    (hour/ns)
Performance:       13.655        1.758
Finished mdrun on rank 0 Mon Mar 14 15:06:49 2022
