Adding dependency `intel/2019u5` to your environment
Adding dependency `libfabric/1.6.1` to your environment
Adding dependency `openmpi/3.1.3:intel` to your environment
Adding dependency `fftw/3.3.8:openmpi,intel` to your environment
Adding dependency `python/2.7.15` to your environment
Adding package `jlab-lammps/22Aug18` to your environment
GridEngine parameters:
  mpirun        = /opt/shared/openmpi/3.1.3-intel/bin/mpirun
  nhosts        = 
  nproc         = 
  executable    = 
  Open MPI vers = 3.1.3
  MPI flags     = --display-map --mca btl ^tcp
-- begin OPENMPI run --
 Data for JOB [1385,1] offset 0 Total slots allocated 36

 ========================   JOB MAP   ========================

 Data for node: r04n31	Num slots: 36	Max slots: 0	Num procs: 36
 	Process OMPI jobid: [1385,1] App: 0 Process rank: 0 Bound: socket 0[core 0[hwt 0]], socket 0[core 1[hwt 0]], socket 0[core 2[hwt 0]], socket 0[core 3[hwt 0]], socket 0[core 4[hwt 0]], socket 0[core 5[hwt 0]], socket 0[core 6[hwt 0]], socket 0[core 7[hwt 0]], socket 0[core 8[hwt 0]], socket 0[core 9[hwt 0]], socket 0[core 10[hwt 0]], socket 0[core 11[hwt 0]], socket 0[core 12[hwt 0]], socket 0[core 13[hwt 0]], socket 0[core 14[hwt 0]], socket 0[core 15[hwt 0]], socket 0[core 16[hwt 0]], socket 0[core 17[hwt 0]], socket 0[core 18[hwt 0]], socket 0[core 19[hwt 0]]:[B/B/B/B/B/B/B/B/B/B/B/B/B/B/B/B/B/B/B/B][./././././././././././././././.]
 	Process OMPI jobid: [1385,1] App: 0 Process rank: 1 Bound: socket 1[core 20[hwt 0]], socket 1[core 21[hwt 0]], socket 1[core 22[hwt 0]], socket 1[core 23[hwt 0]], socket 1[core 24[hwt 0]], socket 1[core 25[hwt 0]], socket 1[core 26[hwt 0]], socket 1[core 27[hwt 0]], socket 1[core 28[hwt 0]], socket 1[core 29[hwt 0]], socket 1[core 30[hwt 0]], socket 1[core 31[hwt 0]], socket 1[core 32[hwt 0]], socket 1[core 33[hwt 0]], socket 1[core 34[hwt 0]], socket 1[core 35[hwt 0]]:[./././././././././././././././././././.][B/B/B/B/B/B/B/B/B/B/B/B/B/B/B/B]
 	Process OMPI jobid: [1385,1] App: 0 Process rank: 2 Bound: socket 0[core 0[hwt 0]], socket 0[core 1[hwt 0]], socket 0[core 2[hwt 0]], socket 0[core 3[hwt 0]], socket 0[core 4[hwt 0]], socket 0[core 5[hwt 0]], socket 0[core 6[hwt 0]], socket 0[core 7[hwt 0]], socket 0[core 8[hwt 0]], socket 0[core 9[hwt 0]], socket 0[core 10[hwt 0]], socket 0[core 11[hwt 0]], socket 0[core 12[hwt 0]], socket 0[core 13[hwt 0]], socket 0[core 14[hwt 0]], socket 0[core 15[hwt 0]], socket 0[core 16[hwt 0]], socket 0[core 17[hwt 0]], socket 0[core 18[hwt 0]], socket 0[core 19[hwt 0]]:[B/B/B/B/B/B/B/B/B/B/B/B/B/B/B/B/B/B/B/B][./././././././././././././././.]
 	Process OMPI jobid: [1385,1] App: 0 Process rank: 3 Bound: socket 1[core 20[hwt 0]], socket 1[core 21[hwt 0]], socket 1[core 22[hwt 0]], socket 1[core 23[hwt 0]], socket 1[core 24[hwt 0]], socket 1[core 25[hwt 0]], socket 1[core 26[hwt 0]], socket 1[core 27[hwt 0]], socket 1[core 28[hwt 0]], socket 1[core 29[hwt 0]], socket 1[core 30[hwt 0]], socket 1[core 31[hwt 0]], socket 1[core 32[hwt 0]], socket 1[core 33[hwt 0]], socket 1[core 34[hwt 0]], socket 1[core 35[hwt 0]]:[./././././././././././././././././././.][B/B/B/B/B/B/B/B/B/B/B/B/B/B/B/B]
 	Process OMPI jobid: [1385,1] App: 0 Process rank: 4 Bound: socket 0[core 0[hwt 0]], socket 0[core 1[hwt 0]], socket 0[core 2[hwt 0]], socket 0[core 3[hwt 0]], socket 0[core 4[hwt 0]], socket 0[core 5[hwt 0]], socket 0[core 6[hwt 0]], socket 0[core 7[hwt 0]], socket 0[core 8[hwt 0]], socket 0[core 9[hwt 0]], socket 0[core 10[hwt 0]], socket 0[core 11[hwt 0]], socket 0[core 12[hwt 0]], socket 0[core 13[hwt 0]], socket 0[core 14[hwt 0]], socket 0[core 15[hwt 0]], socket 0[core 16[hwt 0]], socket 0[core 17[hwt 0]], socket 0[core 18[hwt 0]], socket 0[core 19[hwt 0]]:[B/B/B/B/B/B/B/B/B/B/B/B/B/B/B/B/B/B/B/B][./././././././././././././././.]
 	Process OMPI jobid: [1385,1] App: 0 Process rank: 5 Bound: socket 1[core 20[hwt 0]], socket 1[core 21[hwt 0]], socket 1[core 22[hwt 0]], socket 1[core 23[hwt 0]], socket 1[core 24[hwt 0]], socket 1[core 25[hwt 0]], socket 1[core 26[hwt 0]], socket 1[core 27[hwt 0]], socket 1[core 28[hwt 0]], socket 1[core 29[hwt 0]], socket 1[core 30[hwt 0]], socket 1[core 31[hwt 0]], socket 1[core 32[hwt 0]], socket 1[core 33[hwt 0]], socket 1[core 34[hwt 0]], socket 1[core 35[hwt 0]]:[./././././././././././././././././././.][B/B/B/B/B/B/B/B/B/B/B/B/B/B/B/B]
 	Process OMPI jobid: [1385,1] App: 0 Process rank: 6 Bound: socket 0[core 0[hwt 0]], socket 0[core 1[hwt 0]], socket 0[core 2[hwt 0]], socket 0[core 3[hwt 0]], socket 0[core 4[hwt 0]], socket 0[core 5[hwt 0]], socket 0[core 6[hwt 0]], socket 0[core 7[hwt 0]], socket 0[core 8[hwt 0]], socket 0[core 9[hwt 0]], socket 0[core 10[hwt 0]], socket 0[core 11[hwt 0]], socket 0[core 12[hwt 0]], socket 0[core 13[hwt 0]], socket 0[core 14[hwt 0]], socket 0[core 15[hwt 0]], socket 0[core 16[hwt 0]], socket 0[core 17[hwt 0]], socket 0[core 18[hwt 0]], socket 0[core 19[hwt 0]]:[B/B/B/B/B/B/B/B/B/B/B/B/B/B/B/B/B/B/B/B][./././././././././././././././.]
 	Process OMPI jobid: [1385,1] App: 0 Process rank: 7 Bound: socket 1[core 20[hwt 0]], socket 1[core 21[hwt 0]], socket 1[core 22[hwt 0]], socket 1[core 23[hwt 0]], socket 1[core 24[hwt 0]], socket 1[core 25[hwt 0]], socket 1[core 26[hwt 0]], socket 1[core 27[hwt 0]], socket 1[core 28[hwt 0]], socket 1[core 29[hwt 0]], socket 1[core 30[hwt 0]], socket 1[core 31[hwt 0]], socket 1[core 32[hwt 0]], socket 1[core 33[hwt 0]], socket 1[core 34[hwt 0]], socket 1[core 35[hwt 0]]:[./././././././././././././././././././.][B/B/B/B/B/B/B/B/B/B/B/B/B/B/B/B]
 	Process OMPI jobid: [1385,1] App: 0 Process rank: 8 Bound: socket 0[core 0[hwt 0]], socket 0[core 1[hwt 0]], socket 0[core 2[hwt 0]], socket 0[core 3[hwt 0]], socket 0[core 4[hwt 0]], socket 0[core 5[hwt 0]], socket 0[core 6[hwt 0]], socket 0[core 7[hwt 0]], socket 0[core 8[hwt 0]], socket 0[core 9[hwt 0]], socket 0[core 10[hwt 0]], socket 0[core 11[hwt 0]], socket 0[core 12[hwt 0]], socket 0[core 13[hwt 0]], socket 0[core 14[hwt 0]], socket 0[core 15[hwt 0]], socket 0[core 16[hwt 0]], socket 0[core 17[hwt 0]], socket 0[core 18[hwt 0]], socket 0[core 19[hwt 0]]:[B/B/B/B/B/B/B/B/B/B/B/B/B/B/B/B/B/B/B/B][./././././././././././././././.]
 	Process OMPI jobid: [1385,1] App: 0 Process rank: 9 Bound: socket 1[core 20[hwt 0]], socket 1[core 21[hwt 0]], socket 1[core 22[hwt 0]], socket 1[core 23[hwt 0]], socket 1[core 24[hwt 0]], socket 1[core 25[hwt 0]], socket 1[core 26[hwt 0]], socket 1[core 27[hwt 0]], socket 1[core 28[hwt 0]], socket 1[core 29[hwt 0]], socket 1[core 30[hwt 0]], socket 1[core 31[hwt 0]], socket 1[core 32[hwt 0]], socket 1[core 33[hwt 0]], socket 1[core 34[hwt 0]], socket 1[core 35[hwt 0]]:[./././././././././././././././././././.][B/B/B/B/B/B/B/B/B/B/B/B/B/B/B/B]
 	Process OMPI jobid: [1385,1] App: 0 Process rank: 10 Bound: socket 0[core 0[hwt 0]], socket 0[core 1[hwt 0]], socket 0[core 2[hwt 0]], socket 0[core 3[hwt 0]], socket 0[core 4[hwt 0]], socket 0[core 5[hwt 0]], socket 0[core 6[hwt 0]], socket 0[core 7[hwt 0]], socket 0[core 8[hwt 0]], socket 0[core 9[hwt 0]], socket 0[core 10[hwt 0]], socket 0[core 11[hwt 0]], socket 0[core 12[hwt 0]], socket 0[core 13[hwt 0]], socket 0[core 14[hwt 0]], socket 0[core 15[hwt 0]], socket 0[core 16[hwt 0]], socket 0[core 17[hwt 0]], socket 0[core 18[hwt 0]], socket 0[core 19[hwt 0]]:[B/B/B/B/B/B/B/B/B/B/B/B/B/B/B/B/B/B/B/B][./././././././././././././././.]
 	Process OMPI jobid: [1385,1] App: 0 Process rank: 11 Bound: socket 1[core 20[hwt 0]], socket 1[core 21[hwt 0]], socket 1[core 22[hwt 0]], socket 1[core 23[hwt 0]], socket 1[core 24[hwt 0]], socket 1[core 25[hwt 0]], socket 1[core 26[hwt 0]], socket 1[core 27[hwt 0]], socket 1[core 28[hwt 0]], socket 1[core 29[hwt 0]], socket 1[core 30[hwt 0]], socket 1[core 31[hwt 0]], socket 1[core 32[hwt 0]], socket 1[core 33[hwt 0]], socket 1[core 34[hwt 0]], socket 1[core 35[hwt 0]]:[./././././././././././././././././././.][B/B/B/B/B/B/B/B/B/B/B/B/B/B/B/B]
 	Process OMPI jobid: [1385,1] App: 0 Process rank: 12 Bound: socket 0[core 0[hwt 0]], socket 0[core 1[hwt 0]], socket 0[core 2[hwt 0]], socket 0[core 3[hwt 0]], socket 0[core 4[hwt 0]], socket 0[core 5[hwt 0]], socket 0[core 6[hwt 0]], socket 0[core 7[hwt 0]], socket 0[core 8[hwt 0]], socket 0[core 9[hwt 0]], socket 0[core 10[hwt 0]], socket 0[core 11[hwt 0]], socket 0[core 12[hwt 0]], socket 0[core 13[hwt 0]], socket 0[core 14[hwt 0]], socket 0[core 15[hwt 0]], socket 0[core 16[hwt 0]], socket 0[core 17[hwt 0]], socket 0[core 18[hwt 0]], socket 0[core 19[hwt 0]]:[B/B/B/B/B/B/B/B/B/B/B/B/B/B/B/B/B/B/B/B][./././././././././././././././.]
 	Process OMPI jobid: [1385,1] App: 0 Process rank: 13 Bound: socket 1[core 20[hwt 0]], socket 1[core 21[hwt 0]], socket 1[core 22[hwt 0]], socket 1[core 23[hwt 0]], socket 1[core 24[hwt 0]], socket 1[core 25[hwt 0]], socket 1[core 26[hwt 0]], socket 1[core 27[hwt 0]], socket 1[core 28[hwt 0]], socket 1[core 29[hwt 0]], socket 1[core 30[hwt 0]], socket 1[core 31[hwt 0]], socket 1[core 32[hwt 0]], socket 1[core 33[hwt 0]], socket 1[core 34[hwt 0]], socket 1[core 35[hwt 0]]:[./././././././././././././././././././.][B/B/B/B/B/B/B/B/B/B/B/B/B/B/B/B]
 	Process OMPI jobid: [1385,1] App: 0 Process rank: 14 Bound: socket 0[core 0[hwt 0]], socket 0[core 1[hwt 0]], socket 0[core 2[hwt 0]], socket 0[core 3[hwt 0]], socket 0[core 4[hwt 0]], socket 0[core 5[hwt 0]], socket 0[core 6[hwt 0]], socket 0[core 7[hwt 0]], socket 0[core 8[hwt 0]], socket 0[core 9[hwt 0]], socket 0[core 10[hwt 0]], socket 0[core 11[hwt 0]], socket 0[core 12[hwt 0]], socket 0[core 13[hwt 0]], socket 0[core 14[hwt 0]], socket 0[core 15[hwt 0]], socket 0[core 16[hwt 0]], socket 0[core 17[hwt 0]], socket 0[core 18[hwt 0]], socket 0[core 19[hwt 0]]:[B/B/B/B/B/B/B/B/B/B/B/B/B/B/B/B/B/B/B/B][./././././././././././././././.]
 	Process OMPI jobid: [1385,1] App: 0 Process rank: 15 Bound: socket 1[core 20[hwt 0]], socket 1[core 21[hwt 0]], socket 1[core 22[hwt 0]], socket 1[core 23[hwt 0]], socket 1[core 24[hwt 0]], socket 1[core 25[hwt 0]], socket 1[core 26[hwt 0]], socket 1[core 27[hwt 0]], socket 1[core 28[hwt 0]], socket 1[core 29[hwt 0]], socket 1[core 30[hwt 0]], socket 1[core 31[hwt 0]], socket 1[core 32[hwt 0]], socket 1[core 33[hwt 0]], socket 1[core 34[hwt 0]], socket 1[core 35[hwt 0]]:[./././././././././././././././././././.][B/B/B/B/B/B/B/B/B/B/B/B/B/B/B/B]
 	Process OMPI jobid: [1385,1] App: 0 Process rank: 16 Bound: socket 0[core 0[hwt 0]], socket 0[core 1[hwt 0]], socket 0[core 2[hwt 0]], socket 0[core 3[hwt 0]], socket 0[core 4[hwt 0]], socket 0[core 5[hwt 0]], socket 0[core 6[hwt 0]], socket 0[core 7[hwt 0]], socket 0[core 8[hwt 0]], socket 0[core 9[hwt 0]], socket 0[core 10[hwt 0]], socket 0[core 11[hwt 0]], socket 0[core 12[hwt 0]], socket 0[core 13[hwt 0]], socket 0[core 14[hwt 0]], socket 0[core 15[hwt 0]], socket 0[core 16[hwt 0]], socket 0[core 17[hwt 0]], socket 0[core 18[hwt 0]], socket 0[core 19[hwt 0]]:[B/B/B/B/B/B/B/B/B/B/B/B/B/B/B/B/B/B/B/B][./././././././././././././././.]
 	Process OMPI jobid: [1385,1] App: 0 Process rank: 17 Bound: socket 1[core 20[hwt 0]], socket 1[core 21[hwt 0]], socket 1[core 22[hwt 0]], socket 1[core 23[hwt 0]], socket 1[core 24[hwt 0]], socket 1[core 25[hwt 0]], socket 1[core 26[hwt 0]], socket 1[core 27[hwt 0]], socket 1[core 28[hwt 0]], socket 1[core 29[hwt 0]], socket 1[core 30[hwt 0]], socket 1[core 31[hwt 0]], socket 1[core 32[hwt 0]], socket 1[core 33[hwt 0]], socket 1[core 34[hwt 0]], socket 1[core 35[hwt 0]]:[./././././././././././././././././././.][B/B/B/B/B/B/B/B/B/B/B/B/B/B/B/B]
 	Process OMPI jobid: [1385,1] App: 0 Process rank: 18 Bound: socket 0[core 0[hwt 0]], socket 0[core 1[hwt 0]], socket 0[core 2[hwt 0]], socket 0[core 3[hwt 0]], socket 0[core 4[hwt 0]], socket 0[core 5[hwt 0]], socket 0[core 6[hwt 0]], socket 0[core 7[hwt 0]], socket 0[core 8[hwt 0]], socket 0[core 9[hwt 0]], socket 0[core 10[hwt 0]], socket 0[core 11[hwt 0]], socket 0[core 12[hwt 0]], socket 0[core 13[hwt 0]], socket 0[core 14[hwt 0]], socket 0[core 15[hwt 0]], socket 0[core 16[hwt 0]], socket 0[core 17[hwt 0]], socket 0[core 18[hwt 0]], socket 0[core 19[hwt 0]]:[B/B/B/B/B/B/B/B/B/B/B/B/B/B/B/B/B/B/B/B][./././././././././././././././.]
 	Process OMPI jobid: [1385,1] App: 0 Process rank: 19 Bound: socket 1[core 20[hwt 0]], socket 1[core 21[hwt 0]], socket 1[core 22[hwt 0]], socket 1[core 23[hwt 0]], socket 1[core 24[hwt 0]], socket 1[core 25[hwt 0]], socket 1[core 26[hwt 0]], socket 1[core 27[hwt 0]], socket 1[core 28[hwt 0]], socket 1[core 29[hwt 0]], socket 1[core 30[hwt 0]], socket 1[core 31[hwt 0]], socket 1[core 32[hwt 0]], socket 1[core 33[hwt 0]], socket 1[core 34[hwt 0]], socket 1[core 35[hwt 0]]:[./././././././././././././././././././.][B/B/B/B/B/B/B/B/B/B/B/B/B/B/B/B]
 	Process OMPI jobid: [1385,1] App: 0 Process rank: 20 Bound: socket 0[core 0[hwt 0]], socket 0[core 1[hwt 0]], socket 0[core 2[hwt 0]], socket 0[core 3[hwt 0]], socket 0[core 4[hwt 0]], socket 0[core 5[hwt 0]], socket 0[core 6[hwt 0]], socket 0[core 7[hwt 0]], socket 0[core 8[hwt 0]], socket 0[core 9[hwt 0]], socket 0[core 10[hwt 0]], socket 0[core 11[hwt 0]], socket 0[core 12[hwt 0]], socket 0[core 13[hwt 0]], socket 0[core 14[hwt 0]], socket 0[core 15[hwt 0]], socket 0[core 16[hwt 0]], socket 0[core 17[hwt 0]], socket 0[core 18[hwt 0]], socket 0[core 19[hwt 0]]:[B/B/B/B/B/B/B/B/B/B/B/B/B/B/B/B/B/B/B/B][./././././././././././././././.]
 	Process OMPI jobid: [1385,1] App: 0 Process rank: 21 Bound: socket 1[core 20[hwt 0]], socket 1[core 21[hwt 0]], socket 1[core 22[hwt 0]], socket 1[core 23[hwt 0]], socket 1[core 24[hwt 0]], socket 1[core 25[hwt 0]], socket 1[core 26[hwt 0]], socket 1[core 27[hwt 0]], socket 1[core 28[hwt 0]], socket 1[core 29[hwt 0]], socket 1[core 30[hwt 0]], socket 1[core 31[hwt 0]], socket 1[core 32[hwt 0]], socket 1[core 33[hwt 0]], socket 1[core 34[hwt 0]], socket 1[core 35[hwt 0]]:[./././././././././././././././././././.][B/B/B/B/B/B/B/B/B/B/B/B/B/B/B/B]
 	Process OMPI jobid: [1385,1] App: 0 Process rank: 22 Bound: socket 0[core 0[hwt 0]], socket 0[core 1[hwt 0]], socket 0[core 2[hwt 0]], socket 0[core 3[hwt 0]], socket 0[core 4[hwt 0]], socket 0[core 5[hwt 0]], socket 0[core 6[hwt 0]], socket 0[core 7[hwt 0]], socket 0[core 8[hwt 0]], socket 0[core 9[hwt 0]], socket 0[core 10[hwt 0]], socket 0[core 11[hwt 0]], socket 0[core 12[hwt 0]], socket 0[core 13[hwt 0]], socket 0[core 14[hwt 0]], socket 0[core 15[hwt 0]], socket 0[core 16[hwt 0]], socket 0[core 17[hwt 0]], socket 0[core 18[hwt 0]], socket 0[core 19[hwt 0]]:[B/B/B/B/B/B/B/B/B/B/B/B/B/B/B/B/B/B/B/B][./././././././././././././././.]
 	Process OMPI jobid: [1385,1] App: 0 Process rank: 23 Bound: socket 1[core 20[hwt 0]], socket 1[core 21[hwt 0]], socket 1[core 22[hwt 0]], socket 1[core 23[hwt 0]], socket 1[core 24[hwt 0]], socket 1[core 25[hwt 0]], socket 1[core 26[hwt 0]], socket 1[core 27[hwt 0]], socket 1[core 28[hwt 0]], socket 1[core 29[hwt 0]], socket 1[core 30[hwt 0]], socket 1[core 31[hwt 0]], socket 1[core 32[hwt 0]], socket 1[core 33[hwt 0]], socket 1[core 34[hwt 0]], socket 1[core 35[hwt 0]]:[./././././././././././././././././././.][B/B/B/B/B/B/B/B/B/B/B/B/B/B/B/B]
 	Process OMPI jobid: [1385,1] App: 0 Process rank: 24 Bound: socket 0[core 0[hwt 0]], socket 0[core 1[hwt 0]], socket 0[core 2[hwt 0]], socket 0[core 3[hwt 0]], socket 0[core 4[hwt 0]], socket 0[core 5[hwt 0]], socket 0[core 6[hwt 0]], socket 0[core 7[hwt 0]], socket 0[core 8[hwt 0]], socket 0[core 9[hwt 0]], socket 0[core 10[hwt 0]], socket 0[core 11[hwt 0]], socket 0[core 12[hwt 0]], socket 0[core 13[hwt 0]], socket 0[core 14[hwt 0]], socket 0[core 15[hwt 0]], socket 0[core 16[hwt 0]], socket 0[core 17[hwt 0]], socket 0[core 18[hwt 0]], socket 0[core 19[hwt 0]]:[B/B/B/B/B/B/B/B/B/B/B/B/B/B/B/B/B/B/B/B][./././././././././././././././.]
 	Process OMPI jobid: [1385,1] App: 0 Process rank: 25 Bound: socket 1[core 20[hwt 0]], socket 1[core 21[hwt 0]], socket 1[core 22[hwt 0]], socket 1[core 23[hwt 0]], socket 1[core 24[hwt 0]], socket 1[core 25[hwt 0]], socket 1[core 26[hwt 0]], socket 1[core 27[hwt 0]], socket 1[core 28[hwt 0]], socket 1[core 29[hwt 0]], socket 1[core 30[hwt 0]], socket 1[core 31[hwt 0]], socket 1[core 32[hwt 0]], socket 1[core 33[hwt 0]], socket 1[core 34[hwt 0]], socket 1[core 35[hwt 0]]:[./././././././././././././././././././.][B/B/B/B/B/B/B/B/B/B/B/B/B/B/B/B]
 	Process OMPI jobid: [1385,1] App: 0 Process rank: 26 Bound: socket 0[core 0[hwt 0]], socket 0[core 1[hwt 0]], socket 0[core 2[hwt 0]], socket 0[core 3[hwt 0]], socket 0[core 4[hwt 0]], socket 0[core 5[hwt 0]], socket 0[core 6[hwt 0]], socket 0[core 7[hwt 0]], socket 0[core 8[hwt 0]], socket 0[core 9[hwt 0]], socket 0[core 10[hwt 0]], socket 0[core 11[hwt 0]], socket 0[core 12[hwt 0]], socket 0[core 13[hwt 0]], socket 0[core 14[hwt 0]], socket 0[core 15[hwt 0]], socket 0[core 16[hwt 0]], socket 0[core 17[hwt 0]], socket 0[core 18[hwt 0]], socket 0[core 19[hwt 0]]:[B/B/B/B/B/B/B/B/B/B/B/B/B/B/B/B/B/B/B/B][./././././././././././././././.]
 	Process OMPI jobid: [1385,1] App: 0 Process rank: 27 Bound: socket 1[core 20[hwt 0]], socket 1[core 21[hwt 0]], socket 1[core 22[hwt 0]], socket 1[core 23[hwt 0]], socket 1[core 24[hwt 0]], socket 1[core 25[hwt 0]], socket 1[core 26[hwt 0]], socket 1[core 27[hwt 0]], socket 1[core 28[hwt 0]], socket 1[core 29[hwt 0]], socket 1[core 30[hwt 0]], socket 1[core 31[hwt 0]], socket 1[core 32[hwt 0]], socket 1[core 33[hwt 0]], socket 1[core 34[hwt 0]], socket 1[core 35[hwt 0]]:[./././././././././././././././././././.][B/B/B/B/B/B/B/B/B/B/B/B/B/B/B/B]
 	Process OMPI jobid: [1385,1] App: 0 Process rank: 28 Bound: socket 0[core 0[hwt 0]], socket 0[core 1[hwt 0]], socket 0[core 2[hwt 0]], socket 0[core 3[hwt 0]], socket 0[core 4[hwt 0]], socket 0[core 5[hwt 0]], socket 0[core 6[hwt 0]], socket 0[core 7[hwt 0]], socket 0[core 8[hwt 0]], socket 0[core 9[hwt 0]], socket 0[core 10[hwt 0]], socket 0[core 11[hwt 0]], socket 0[core 12[hwt 0]], socket 0[core 13[hwt 0]], socket 0[core 14[hwt 0]], socket 0[core 15[hwt 0]], socket 0[core 16[hwt 0]], socket 0[core 17[hwt 0]], socket 0[core 18[hwt 0]], socket 0[core 19[hwt 0]]:[B/B/B/B/B/B/B/B/B/B/B/B/B/B/B/B/B/B/B/B][./././././././././././././././.]
 	Process OMPI jobid: [1385,1] App: 0 Process rank: 29 Bound: socket 1[core 20[hwt 0]], socket 1[core 21[hwt 0]], socket 1[core 22[hwt 0]], socket 1[core 23[hwt 0]], socket 1[core 24[hwt 0]], socket 1[core 25[hwt 0]], socket 1[core 26[hwt 0]], socket 1[core 27[hwt 0]], socket 1[core 28[hwt 0]], socket 1[core 29[hwt 0]], socket 1[core 30[hwt 0]], socket 1[core 31[hwt 0]], socket 1[core 32[hwt 0]], socket 1[core 33[hwt 0]], socket 1[core 34[hwt 0]], socket 1[core 35[hwt 0]]:[./././././././././././././././././././.][B/B/B/B/B/B/B/B/B/B/B/B/B/B/B/B]
 	Process OMPI jobid: [1385,1] App: 0 Process rank: 30 Bound: socket 0[core 0[hwt 0]], socket 0[core 1[hwt 0]], socket 0[core 2[hwt 0]], socket 0[core 3[hwt 0]], socket 0[core 4[hwt 0]], socket 0[core 5[hwt 0]], socket 0[core 6[hwt 0]], socket 0[core 7[hwt 0]], socket 0[core 8[hwt 0]], socket 0[core 9[hwt 0]], socket 0[core 10[hwt 0]], socket 0[core 11[hwt 0]], socket 0[core 12[hwt 0]], socket 0[core 13[hwt 0]], socket 0[core 14[hwt 0]], socket 0[core 15[hwt 0]], socket 0[core 16[hwt 0]], socket 0[core 17[hwt 0]], socket 0[core 18[hwt 0]], socket 0[core 19[hwt 0]]:[B/B/B/B/B/B/B/B/B/B/B/B/B/B/B/B/B/B/B/B][./././././././././././././././.]
 	Process OMPI jobid: [1385,1] App: 0 Process rank: 31 Bound: socket 1[core 20[hwt 0]], socket 1[core 21[hwt 0]], socket 1[core 22[hwt 0]], socket 1[core 23[hwt 0]], socket 1[core 24[hwt 0]], socket 1[core 25[hwt 0]], socket 1[core 26[hwt 0]], socket 1[core 27[hwt 0]], socket 1[core 28[hwt 0]], socket 1[core 29[hwt 0]], socket 1[core 30[hwt 0]], socket 1[core 31[hwt 0]], socket 1[core 32[hwt 0]], socket 1[core 33[hwt 0]], socket 1[core 34[hwt 0]], socket 1[core 35[hwt 0]]:[./././././././././././././././././././.][B/B/B/B/B/B/B/B/B/B/B/B/B/B/B/B]
 	Process OMPI jobid: [1385,1] App: 0 Process rank: 32 Bound: socket 0[core 0[hwt 0]], socket 0[core 1[hwt 0]], socket 0[core 2[hwt 0]], socket 0[core 3[hwt 0]], socket 0[core 4[hwt 0]], socket 0[core 5[hwt 0]], socket 0[core 6[hwt 0]], socket 0[core 7[hwt 0]], socket 0[core 8[hwt 0]], socket 0[core 9[hwt 0]], socket 0[core 10[hwt 0]], socket 0[core 11[hwt 0]], socket 0[core 12[hwt 0]], socket 0[core 13[hwt 0]], socket 0[core 14[hwt 0]], socket 0[core 15[hwt 0]], socket 0[core 16[hwt 0]], socket 0[core 17[hwt 0]], socket 0[core 18[hwt 0]], socket 0[core 19[hwt 0]]:[B/B/B/B/B/B/B/B/B/B/B/B/B/B/B/B/B/B/B/B][./././././././././././././././.]
 	Process OMPI jobid: [1385,1] App: 0 Process rank: 33 Bound: socket 0[core 0[hwt 0]], socket 0[core 1[hwt 0]], socket 0[core 2[hwt 0]], socket 0[core 3[hwt 0]], socket 0[core 4[hwt 0]], socket 0[core 5[hwt 0]], socket 0[core 6[hwt 0]], socket 0[core 7[hwt 0]], socket 0[core 8[hwt 0]], socket 0[core 9[hwt 0]], socket 0[core 10[hwt 0]], socket 0[core 11[hwt 0]], socket 0[core 12[hwt 0]], socket 0[core 13[hwt 0]], socket 0[core 14[hwt 0]], socket 0[core 15[hwt 0]], socket 0[core 16[hwt 0]], socket 0[core 17[hwt 0]], socket 0[core 18[hwt 0]], socket 0[core 19[hwt 0]]:[B/B/B/B/B/B/B/B/B/B/B/B/B/B/B/B/B/B/B/B][./././././././././././././././.]
 	Process OMPI jobid: [1385,1] App: 0 Process rank: 34 Bound: socket 0[core 0[hwt 0]], socket 0[core 1[hwt 0]], socket 0[core 2[hwt 0]], socket 0[core 3[hwt 0]], socket 0[core 4[hwt 0]], socket 0[core 5[hwt 0]], socket 0[core 6[hwt 0]], socket 0[core 7[hwt 0]], socket 0[core 8[hwt 0]], socket 0[core 9[hwt 0]], socket 0[core 10[hwt 0]], socket 0[core 11[hwt 0]], socket 0[core 12[hwt 0]], socket 0[core 13[hwt 0]], socket 0[core 14[hwt 0]], socket 0[core 15[hwt 0]], socket 0[core 16[hwt 0]], socket 0[core 17[hwt 0]], socket 0[core 18[hwt 0]], socket 0[core 19[hwt 0]]:[B/B/B/B/B/B/B/B/B/B/B/B/B/B/B/B/B/B/B/B][./././././././././././././././.]
 	Process OMPI jobid: [1385,1] App: 0 Process rank: 35 Bound: socket 0[core 0[hwt 0]], socket 0[core 1[hwt 0]], socket 0[core 2[hwt 0]], socket 0[core 3[hwt 0]], socket 0[core 4[hwt 0]], socket 0[core 5[hwt 0]], socket 0[core 6[hwt 0]], socket 0[core 7[hwt 0]], socket 0[core 8[hwt 0]], socket 0[core 9[hwt 0]], socket 0[core 10[hwt 0]], socket 0[core 11[hwt 0]], socket 0[core 12[hwt 0]], socket 0[core 13[hwt 0]], socket 0[core 14[hwt 0]], socket 0[core 15[hwt 0]], socket 0[core 16[hwt 0]], socket 0[core 17[hwt 0]], socket 0[core 18[hwt 0]], socket 0[core 19[hwt 0]]:[B/B/B/B/B/B/B/B/B/B/B/B/B/B/B/B/B/B/B/B][./././././././././././././././.]

 =============================================================
LAMMPS (22 Aug 2018)
Reading data file ...
  triclinic box = (0 0 0) to (43.1674 43.1707 43.1705) with tilt (0 0 0)
  3 by 4 by 3 MPI processor grid
  reading atoms ...
  2400 atoms
  scanning bonds ...
  2 = max bonds/atom
  scanning angles ...
  1 = max angles/atom
  scanning dihedrals ...
  2 = max dihedrals/atom
  reading bonds ...
  2400 bonds
  reading angles ...
  2400 angles
  reading dihedrals ...
  2400 dihedrals
Finding 1-2 1-3 1-4 neighbors ...
  special bond factors lj:   0          0          0         
  special bond factors coul: 0          0          0         
  2 = max # of 1-2 neighbors
  2 = max # of 1-3 neighbors
  4 = max # of 1-4 neighbors
  5 = max # of special neighbors
Neighbor list info ...
  update every 1 steps, delay 10 steps, check yes
  max neighbors/atom: 2000, page size: 100000
  master list distance cutoff = 16.5
  ghost atom cutoff = 16.5
  binsize = 8.25, bins = 6 6 6
  1 neighbor lists, perpetual/occasional/extra = 1 0 0
  (1) pair lj/cut/coul/cut, perpetual
      attributes: half, newton on
      pair build: half/bin/newton/tri
      stencil: half/bin/3d/newton/tri
      bin: standard
Setting up Verlet run ...
  Unit style    : real
  Current step  : 0
  Time step     : 2
Per MPI rank memory allocation (min/avg/max) = 7.232 | 7.412 | 7.989 Mbytes
TotEng PotEng E_vdwl E_coul E_pair E_bond E_angle E_dihed E_tail E_long 
   92984.655    92984.655    92984.655            0    92984.655            0 6.9304029e-11            0   -55.818804            0 
Loop time of 4.36013e-05 on 36 procs for 0 steps with 2400 atoms

52.9% CPU use with 36 MPI tasks x no OpenMP threads

MPI task timing breakdown:
Section |  min time  |  avg time  |  max time  |%varavg| %total
---------------------------------------------------------------
Pair    | 0          | 0          | 0          |   0.0 |  0.00
Bond    | 0          | 0          | 0          |   0.0 |  0.00
Neigh   | 0          | 0          | 0          |   0.0 |  0.00
Comm    | 0          | 0          | 0          |   0.0 |  0.00
Output  | 0          | 0          | 0          |   0.0 |  0.00
Modify  | 0          | 0          | 0          |   0.0 |  0.00
Other   |            | 4.36e-05   |            |       |100.00

Nlocal:    66.6667 ave 147 max 13 min
Histogram: 2 4 5 8 8 4 2 2 0 1
Nghost:    2788.14 ave 3096 max 2310 min
Histogram: 3 1 0 4 8 4 0 1 7 8
Neighs:    20309.9 ave 63444 max 2253 min
Histogram: 3 11 8 5 4 3 1 0 0 1

Total # of neighbors = 731158
Ave neighs/atom = 304.649
Ave special neighs/atom = 5
Neighbor list builds = 0
Dangerous builds = 0
#step total pe vdw coul pair bonds angle dihedral tail kspace
0 92984.6546636138 92984.6546636138 92984.6546636137 0 92984.6546636137 0 6.93040291396864e-11 0 -55.818803519939 0
ERROR: Could not find fix ID to delete (../modify.cpp:985)
Last command: unfix intiegrator
--------------------------------------------------------------------------
Primary job  terminated normally, but 1 process returned
a non-zero exit code. Per user-direction, the job has been aborted.
--------------------------------------------------------------------------
--------------------------------------------------------------------------
mpirun detected that one or more processes exited with non-zero status, thus causing
the job to be terminated. The first process to do so was:

  Process name: [[1385,1],16]
  Exit code:    1
--------------------------------------------------------------------------
-- end OPENMPI run --
