Adding dependency `intel/2019u5` to your environment
Adding dependency `libfabric/1.6.1` to your environment
Adding dependency `openmpi/3.1.3:intel` to your environment
Adding dependency `fftw/3.3.8:openmpi,intel` to your environment
Adding dependency `python/2.7.15` to your environment
Adding package `jlab-lammps/22Aug18` to your environment
GridEngine parameters:
  mpirun        = /opt/shared/openmpi/3.1.3-intel/bin/mpirun
  nhosts        = 
  nproc         = 
  executable    = 
  Open MPI vers = 3.1.3
  MPI flags     = --display-map --mca btl ^tcp
-- begin OPENMPI run --
 Data for JOB [20959,1] offset 0 Total slots allocated 36

 ========================   JOB MAP   ========================

 Data for node: r01n37	Num slots: 36	Max slots: 0	Num procs: 36
 	Process OMPI jobid: [20959,1] App: 0 Process rank: 0 Bound: socket 0[core 0[hwt 0]], socket 0[core 1[hwt 0]], socket 0[core 2[hwt 0]], socket 0[core 3[hwt 0]], socket 0[core 4[hwt 0]], socket 0[core 5[hwt 0]], socket 0[core 6[hwt 0]], socket 0[core 7[hwt 0]], socket 0[core 8[hwt 0]], socket 0[core 9[hwt 0]], socket 0[core 10[hwt 0]], socket 0[core 11[hwt 0]], socket 0[core 12[hwt 0]], socket 0[core 13[hwt 0]], socket 0[core 14[hwt 0]], socket 0[core 15[hwt 0]], socket 0[core 16[hwt 0]], socket 0[core 17[hwt 0]]:[B/B/B/B/B/B/B/B/B/B/B/B/B/B/B/B/B/B][./././././././././././././././././.]
 	Process OMPI jobid: [20959,1] App: 0 Process rank: 1 Bound: socket 1[core 18[hwt 0]], socket 1[core 19[hwt 0]], socket 1[core 20[hwt 0]], socket 1[core 21[hwt 0]], socket 1[core 22[hwt 0]], socket 1[core 23[hwt 0]], socket 1[core 24[hwt 0]], socket 1[core 25[hwt 0]], socket 1[core 26[hwt 0]], socket 1[core 27[hwt 0]], socket 1[core 28[hwt 0]], socket 1[core 29[hwt 0]], socket 1[core 30[hwt 0]], socket 1[core 31[hwt 0]], socket 1[core 32[hwt 0]], socket 1[core 33[hwt 0]], socket 1[core 34[hwt 0]], socket 1[core 35[hwt 0]]:[./././././././././././././././././.][B/B/B/B/B/B/B/B/B/B/B/B/B/B/B/B/B/B]
 	Process OMPI jobid: [20959,1] App: 0 Process rank: 2 Bound: socket 0[core 0[hwt 0]], socket 0[core 1[hwt 0]], socket 0[core 2[hwt 0]], socket 0[core 3[hwt 0]], socket 0[core 4[hwt 0]], socket 0[core 5[hwt 0]], socket 0[core 6[hwt 0]], socket 0[core 7[hwt 0]], socket 0[core 8[hwt 0]], socket 0[core 9[hwt 0]], socket 0[core 10[hwt 0]], socket 0[core 11[hwt 0]], socket 0[core 12[hwt 0]], socket 0[core 13[hwt 0]], socket 0[core 14[hwt 0]], socket 0[core 15[hwt 0]], socket 0[core 16[hwt 0]], socket 0[core 17[hwt 0]]:[B/B/B/B/B/B/B/B/B/B/B/B/B/B/B/B/B/B][./././././././././././././././././.]
 	Process OMPI jobid: [20959,1] App: 0 Process rank: 3 Bound: socket 1[core 18[hwt 0]], socket 1[core 19[hwt 0]], socket 1[core 20[hwt 0]], socket 1[core 21[hwt 0]], socket 1[core 22[hwt 0]], socket 1[core 23[hwt 0]], socket 1[core 24[hwt 0]], socket 1[core 25[hwt 0]], socket 1[core 26[hwt 0]], socket 1[core 27[hwt 0]], socket 1[core 28[hwt 0]], socket 1[core 29[hwt 0]], socket 1[core 30[hwt 0]], socket 1[core 31[hwt 0]], socket 1[core 32[hwt 0]], socket 1[core 33[hwt 0]], socket 1[core 34[hwt 0]], socket 1[core 35[hwt 0]]:[./././././././././././././././././.][B/B/B/B/B/B/B/B/B/B/B/B/B/B/B/B/B/B]
 	Process OMPI jobid: [20959,1] App: 0 Process rank: 4 Bound: socket 0[core 0[hwt 0]], socket 0[core 1[hwt 0]], socket 0[core 2[hwt 0]], socket 0[core 3[hwt 0]], socket 0[core 4[hwt 0]], socket 0[core 5[hwt 0]], socket 0[core 6[hwt 0]], socket 0[core 7[hwt 0]], socket 0[core 8[hwt 0]], socket 0[core 9[hwt 0]], socket 0[core 10[hwt 0]], socket 0[core 11[hwt 0]], socket 0[core 12[hwt 0]], socket 0[core 13[hwt 0]], socket 0[core 14[hwt 0]], socket 0[core 15[hwt 0]], socket 0[core 16[hwt 0]], socket 0[core 17[hwt 0]]:[B/B/B/B/B/B/B/B/B/B/B/B/B/B/B/B/B/B][./././././././././././././././././.]
 	Process OMPI jobid: [20959,1] App: 0 Process rank: 5 Bound: socket 1[core 18[hwt 0]], socket 1[core 19[hwt 0]], socket 1[core 20[hwt 0]], socket 1[core 21[hwt 0]], socket 1[core 22[hwt 0]], socket 1[core 23[hwt 0]], socket 1[core 24[hwt 0]], socket 1[core 25[hwt 0]], socket 1[core 26[hwt 0]], socket 1[core 27[hwt 0]], socket 1[core 28[hwt 0]], socket 1[core 29[hwt 0]], socket 1[core 30[hwt 0]], socket 1[core 31[hwt 0]], socket 1[core 32[hwt 0]], socket 1[core 33[hwt 0]], socket 1[core 34[hwt 0]], socket 1[core 35[hwt 0]]:[./././././././././././././././././.][B/B/B/B/B/B/B/B/B/B/B/B/B/B/B/B/B/B]
 	Process OMPI jobid: [20959,1] App: 0 Process rank: 6 Bound: socket 0[core 0[hwt 0]], socket 0[core 1[hwt 0]], socket 0[core 2[hwt 0]], socket 0[core 3[hwt 0]], socket 0[core 4[hwt 0]], socket 0[core 5[hwt 0]], socket 0[core 6[hwt 0]], socket 0[core 7[hwt 0]], socket 0[core 8[hwt 0]], socket 0[core 9[hwt 0]], socket 0[core 10[hwt 0]], socket 0[core 11[hwt 0]], socket 0[core 12[hwt 0]], socket 0[core 13[hwt 0]], socket 0[core 14[hwt 0]], socket 0[core 15[hwt 0]], socket 0[core 16[hwt 0]], socket 0[core 17[hwt 0]]:[B/B/B/B/B/B/B/B/B/B/B/B/B/B/B/B/B/B][./././././././././././././././././.]
 	Process OMPI jobid: [20959,1] App: 0 Process rank: 7 Bound: socket 1[core 18[hwt 0]], socket 1[core 19[hwt 0]], socket 1[core 20[hwt 0]], socket 1[core 21[hwt 0]], socket 1[core 22[hwt 0]], socket 1[core 23[hwt 0]], socket 1[core 24[hwt 0]], socket 1[core 25[hwt 0]], socket 1[core 26[hwt 0]], socket 1[core 27[hwt 0]], socket 1[core 28[hwt 0]], socket 1[core 29[hwt 0]], socket 1[core 30[hwt 0]], socket 1[core 31[hwt 0]], socket 1[core 32[hwt 0]], socket 1[core 33[hwt 0]], socket 1[core 34[hwt 0]], socket 1[core 35[hwt 0]]:[./././././././././././././././././.][B/B/B/B/B/B/B/B/B/B/B/B/B/B/B/B/B/B]
 	Process OMPI jobid: [20959,1] App: 0 Process rank: 8 Bound: socket 0[core 0[hwt 0]], socket 0[core 1[hwt 0]], socket 0[core 2[hwt 0]], socket 0[core 3[hwt 0]], socket 0[core 4[hwt 0]], socket 0[core 5[hwt 0]], socket 0[core 6[hwt 0]], socket 0[core 7[hwt 0]], socket 0[core 8[hwt 0]], socket 0[core 9[hwt 0]], socket 0[core 10[hwt 0]], socket 0[core 11[hwt 0]], socket 0[core 12[hwt 0]], socket 0[core 13[hwt 0]], socket 0[core 14[hwt 0]], socket 0[core 15[hwt 0]], socket 0[core 16[hwt 0]], socket 0[core 17[hwt 0]]:[B/B/B/B/B/B/B/B/B/B/B/B/B/B/B/B/B/B][./././././././././././././././././.]
 	Process OMPI jobid: [20959,1] App: 0 Process rank: 9 Bound: socket 1[core 18[hwt 0]], socket 1[core 19[hwt 0]], socket 1[core 20[hwt 0]], socket 1[core 21[hwt 0]], socket 1[core 22[hwt 0]], socket 1[core 23[hwt 0]], socket 1[core 24[hwt 0]], socket 1[core 25[hwt 0]], socket 1[core 26[hwt 0]], socket 1[core 27[hwt 0]], socket 1[core 28[hwt 0]], socket 1[core 29[hwt 0]], socket 1[core 30[hwt 0]], socket 1[core 31[hwt 0]], socket 1[core 32[hwt 0]], socket 1[core 33[hwt 0]], socket 1[core 34[hwt 0]], socket 1[core 35[hwt 0]]:[./././././././././././././././././.][B/B/B/B/B/B/B/B/B/B/B/B/B/B/B/B/B/B]
 	Process OMPI jobid: [20959,1] App: 0 Process rank: 10 Bound: socket 0[core 0[hwt 0]], socket 0[core 1[hwt 0]], socket 0[core 2[hwt 0]], socket 0[core 3[hwt 0]], socket 0[core 4[hwt 0]], socket 0[core 5[hwt 0]], socket 0[core 6[hwt 0]], socket 0[core 7[hwt 0]], socket 0[core 8[hwt 0]], socket 0[core 9[hwt 0]], socket 0[core 10[hwt 0]], socket 0[core 11[hwt 0]], socket 0[core 12[hwt 0]], socket 0[core 13[hwt 0]], socket 0[core 14[hwt 0]], socket 0[core 15[hwt 0]], socket 0[core 16[hwt 0]], socket 0[core 17[hwt 0]]:[B/B/B/B/B/B/B/B/B/B/B/B/B/B/B/B/B/B][./././././././././././././././././.]
 	Process OMPI jobid: [20959,1] App: 0 Process rank: 11 Bound: socket 1[core 18[hwt 0]], socket 1[core 19[hwt 0]], socket 1[core 20[hwt 0]], socket 1[core 21[hwt 0]], socket 1[core 22[hwt 0]], socket 1[core 23[hwt 0]], socket 1[core 24[hwt 0]], socket 1[core 25[hwt 0]], socket 1[core 26[hwt 0]], socket 1[core 27[hwt 0]], socket 1[core 28[hwt 0]], socket 1[core 29[hwt 0]], socket 1[core 30[hwt 0]], socket 1[core 31[hwt 0]], socket 1[core 32[hwt 0]], socket 1[core 33[hwt 0]], socket 1[core 34[hwt 0]], socket 1[core 35[hwt 0]]:[./././././././././././././././././.][B/B/B/B/B/B/B/B/B/B/B/B/B/B/B/B/B/B]
 	Process OMPI jobid: [20959,1] App: 0 Process rank: 12 Bound: socket 0[core 0[hwt 0]], socket 0[core 1[hwt 0]], socket 0[core 2[hwt 0]], socket 0[core 3[hwt 0]], socket 0[core 4[hwt 0]], socket 0[core 5[hwt 0]], socket 0[core 6[hwt 0]], socket 0[core 7[hwt 0]], socket 0[core 8[hwt 0]], socket 0[core 9[hwt 0]], socket 0[core 10[hwt 0]], socket 0[core 11[hwt 0]], socket 0[core 12[hwt 0]], socket 0[core 13[hwt 0]], socket 0[core 14[hwt 0]], socket 0[core 15[hwt 0]], socket 0[core 16[hwt 0]], socket 0[core 17[hwt 0]]:[B/B/B/B/B/B/B/B/B/B/B/B/B/B/B/B/B/B][./././././././././././././././././.]
 	Process OMPI jobid: [20959,1] App: 0 Process rank: 13 Bound: socket 1[core 18[hwt 0]], socket 1[core 19[hwt 0]], socket 1[core 20[hwt 0]], socket 1[core 21[hwt 0]], socket 1[core 22[hwt 0]], socket 1[core 23[hwt 0]], socket 1[core 24[hwt 0]], socket 1[core 25[hwt 0]], socket 1[core 26[hwt 0]], socket 1[core 27[hwt 0]], socket 1[core 28[hwt 0]], socket 1[core 29[hwt 0]], socket 1[core 30[hwt 0]], socket 1[core 31[hwt 0]], socket 1[core 32[hwt 0]], socket 1[core 33[hwt 0]], socket 1[core 34[hwt 0]], socket 1[core 35[hwt 0]]:[./././././././././././././././././.][B/B/B/B/B/B/B/B/B/B/B/B/B/B/B/B/B/B]
 	Process OMPI jobid: [20959,1] App: 0 Process rank: 14 Bound: socket 0[core 0[hwt 0]], socket 0[core 1[hwt 0]], socket 0[core 2[hwt 0]], socket 0[core 3[hwt 0]], socket 0[core 4[hwt 0]], socket 0[core 5[hwt 0]], socket 0[core 6[hwt 0]], socket 0[core 7[hwt 0]], socket 0[core 8[hwt 0]], socket 0[core 9[hwt 0]], socket 0[core 10[hwt 0]], socket 0[core 11[hwt 0]], socket 0[core 12[hwt 0]], socket 0[core 13[hwt 0]], socket 0[core 14[hwt 0]], socket 0[core 15[hwt 0]], socket 0[core 16[hwt 0]], socket 0[core 17[hwt 0]]:[B/B/B/B/B/B/B/B/B/B/B/B/B/B/B/B/B/B][./././././././././././././././././.]
 	Process OMPI jobid: [20959,1] App: 0 Process rank: 15 Bound: socket 1[core 18[hwt 0]], socket 1[core 19[hwt 0]], socket 1[core 20[hwt 0]], socket 1[core 21[hwt 0]], socket 1[core 22[hwt 0]], socket 1[core 23[hwt 0]], socket 1[core 24[hwt 0]], socket 1[core 25[hwt 0]], socket 1[core 26[hwt 0]], socket 1[core 27[hwt 0]], socket 1[core 28[hwt 0]], socket 1[core 29[hwt 0]], socket 1[core 30[hwt 0]], socket 1[core 31[hwt 0]], socket 1[core 32[hwt 0]], socket 1[core 33[hwt 0]], socket 1[core 34[hwt 0]], socket 1[core 35[hwt 0]]:[./././././././././././././././././.][B/B/B/B/B/B/B/B/B/B/B/B/B/B/B/B/B/B]
 	Process OMPI jobid: [20959,1] App: 0 Process rank: 16 Bound: socket 0[core 0[hwt 0]], socket 0[core 1[hwt 0]], socket 0[core 2[hwt 0]], socket 0[core 3[hwt 0]], socket 0[core 4[hwt 0]], socket 0[core 5[hwt 0]], socket 0[core 6[hwt 0]], socket 0[core 7[hwt 0]], socket 0[core 8[hwt 0]], socket 0[core 9[hwt 0]], socket 0[core 10[hwt 0]], socket 0[core 11[hwt 0]], socket 0[core 12[hwt 0]], socket 0[core 13[hwt 0]], socket 0[core 14[hwt 0]], socket 0[core 15[hwt 0]], socket 0[core 16[hwt 0]], socket 0[core 17[hwt 0]]:[B/B/B/B/B/B/B/B/B/B/B/B/B/B/B/B/B/B][./././././././././././././././././.]
 	Process OMPI jobid: [20959,1] App: 0 Process rank: 17 Bound: socket 1[core 18[hwt 0]], socket 1[core 19[hwt 0]], socket 1[core 20[hwt 0]], socket 1[core 21[hwt 0]], socket 1[core 22[hwt 0]], socket 1[core 23[hwt 0]], socket 1[core 24[hwt 0]], socket 1[core 25[hwt 0]], socket 1[core 26[hwt 0]], socket 1[core 27[hwt 0]], socket 1[core 28[hwt 0]], socket 1[core 29[hwt 0]], socket 1[core 30[hwt 0]], socket 1[core 31[hwt 0]], socket 1[core 32[hwt 0]], socket 1[core 33[hwt 0]], socket 1[core 34[hwt 0]], socket 1[core 35[hwt 0]]:[./././././././././././././././././.][B/B/B/B/B/B/B/B/B/B/B/B/B/B/B/B/B/B]
 	Process OMPI jobid: [20959,1] App: 0 Process rank: 18 Bound: socket 0[core 0[hwt 0]], socket 0[core 1[hwt 0]], socket 0[core 2[hwt 0]], socket 0[core 3[hwt 0]], socket 0[core 4[hwt 0]], socket 0[core 5[hwt 0]], socket 0[core 6[hwt 0]], socket 0[core 7[hwt 0]], socket 0[core 8[hwt 0]], socket 0[core 9[hwt 0]], socket 0[core 10[hwt 0]], socket 0[core 11[hwt 0]], socket 0[core 12[hwt 0]], socket 0[core 13[hwt 0]], socket 0[core 14[hwt 0]], socket 0[core 15[hwt 0]], socket 0[core 16[hwt 0]], socket 0[core 17[hwt 0]]:[B/B/B/B/B/B/B/B/B/B/B/B/B/B/B/B/B/B][./././././././././././././././././.]
 	Process OMPI jobid: [20959,1] App: 0 Process rank: 19 Bound: socket 1[core 18[hwt 0]], socket 1[core 19[hwt 0]], socket 1[core 20[hwt 0]], socket 1[core 21[hwt 0]], socket 1[core 22[hwt 0]], socket 1[core 23[hwt 0]], socket 1[core 24[hwt 0]], socket 1[core 25[hwt 0]], socket 1[core 26[hwt 0]], socket 1[core 27[hwt 0]], socket 1[core 28[hwt 0]], socket 1[core 29[hwt 0]], socket 1[core 30[hwt 0]], socket 1[core 31[hwt 0]], socket 1[core 32[hwt 0]], socket 1[core 33[hwt 0]], socket 1[core 34[hwt 0]], socket 1[core 35[hwt 0]]:[./././././././././././././././././.][B/B/B/B/B/B/B/B/B/B/B/B/B/B/B/B/B/B]
 	Process OMPI jobid: [20959,1] App: 0 Process rank: 20 Bound: socket 0[core 0[hwt 0]], socket 0[core 1[hwt 0]], socket 0[core 2[hwt 0]], socket 0[core 3[hwt 0]], socket 0[core 4[hwt 0]], socket 0[core 5[hwt 0]], socket 0[core 6[hwt 0]], socket 0[core 7[hwt 0]], socket 0[core 8[hwt 0]], socket 0[core 9[hwt 0]], socket 0[core 10[hwt 0]], socket 0[core 11[hwt 0]], socket 0[core 12[hwt 0]], socket 0[core 13[hwt 0]], socket 0[core 14[hwt 0]], socket 0[core 15[hwt 0]], socket 0[core 16[hwt 0]], socket 0[core 17[hwt 0]]:[B/B/B/B/B/B/B/B/B/B/B/B/B/B/B/B/B/B][./././././././././././././././././.]
 	Process OMPI jobid: [20959,1] App: 0 Process rank: 21 Bound: socket 1[core 18[hwt 0]], socket 1[core 19[hwt 0]], socket 1[core 20[hwt 0]], socket 1[core 21[hwt 0]], socket 1[core 22[hwt 0]], socket 1[core 23[hwt 0]], socket 1[core 24[hwt 0]], socket 1[core 25[hwt 0]], socket 1[core 26[hwt 0]], socket 1[core 27[hwt 0]], socket 1[core 28[hwt 0]], socket 1[core 29[hwt 0]], socket 1[core 30[hwt 0]], socket 1[core 31[hwt 0]], socket 1[core 32[hwt 0]], socket 1[core 33[hwt 0]], socket 1[core 34[hwt 0]], socket 1[core 35[hwt 0]]:[./././././././././././././././././.][B/B/B/B/B/B/B/B/B/B/B/B/B/B/B/B/B/B]
 	Process OMPI jobid: [20959,1] App: 0 Process rank: 22 Bound: socket 0[core 0[hwt 0]], socket 0[core 1[hwt 0]], socket 0[core 2[hwt 0]], socket 0[core 3[hwt 0]], socket 0[core 4[hwt 0]], socket 0[core 5[hwt 0]], socket 0[core 6[hwt 0]], socket 0[core 7[hwt 0]], socket 0[core 8[hwt 0]], socket 0[core 9[hwt 0]], socket 0[core 10[hwt 0]], socket 0[core 11[hwt 0]], socket 0[core 12[hwt 0]], socket 0[core 13[hwt 0]], socket 0[core 14[hwt 0]], socket 0[core 15[hwt 0]], socket 0[core 16[hwt 0]], socket 0[core 17[hwt 0]]:[B/B/B/B/B/B/B/B/B/B/B/B/B/B/B/B/B/B][./././././././././././././././././.]
 	Process OMPI jobid: [20959,1] App: 0 Process rank: 23 Bound: socket 1[core 18[hwt 0]], socket 1[core 19[hwt 0]], socket 1[core 20[hwt 0]], socket 1[core 21[hwt 0]], socket 1[core 22[hwt 0]], socket 1[core 23[hwt 0]], socket 1[core 24[hwt 0]], socket 1[core 25[hwt 0]], socket 1[core 26[hwt 0]], socket 1[core 27[hwt 0]], socket 1[core 28[hwt 0]], socket 1[core 29[hwt 0]], socket 1[core 30[hwt 0]], socket 1[core 31[hwt 0]], socket 1[core 32[hwt 0]], socket 1[core 33[hwt 0]], socket 1[core 34[hwt 0]], socket 1[core 35[hwt 0]]:[./././././././././././././././././.][B/B/B/B/B/B/B/B/B/B/B/B/B/B/B/B/B/B]
 	Process OMPI jobid: [20959,1] App: 0 Process rank: 24 Bound: socket 0[core 0[hwt 0]], socket 0[core 1[hwt 0]], socket 0[core 2[hwt 0]], socket 0[core 3[hwt 0]], socket 0[core 4[hwt 0]], socket 0[core 5[hwt 0]], socket 0[core 6[hwt 0]], socket 0[core 7[hwt 0]], socket 0[core 8[hwt 0]], socket 0[core 9[hwt 0]], socket 0[core 10[hwt 0]], socket 0[core 11[hwt 0]], socket 0[core 12[hwt 0]], socket 0[core 13[hwt 0]], socket 0[core 14[hwt 0]], socket 0[core 15[hwt 0]], socket 0[core 16[hwt 0]], socket 0[core 17[hwt 0]]:[B/B/B/B/B/B/B/B/B/B/B/B/B/B/B/B/B/B][./././././././././././././././././.]
 	Process OMPI jobid: [20959,1] App: 0 Process rank: 25 Bound: socket 1[core 18[hwt 0]], socket 1[core 19[hwt 0]], socket 1[core 20[hwt 0]], socket 1[core 21[hwt 0]], socket 1[core 22[hwt 0]], socket 1[core 23[hwt 0]], socket 1[core 24[hwt 0]], socket 1[core 25[hwt 0]], socket 1[core 26[hwt 0]], socket 1[core 27[hwt 0]], socket 1[core 28[hwt 0]], socket 1[core 29[hwt 0]], socket 1[core 30[hwt 0]], socket 1[core 31[hwt 0]], socket 1[core 32[hwt 0]], socket 1[core 33[hwt 0]], socket 1[core 34[hwt 0]], socket 1[core 35[hwt 0]]:[./././././././././././././././././.][B/B/B/B/B/B/B/B/B/B/B/B/B/B/B/B/B/B]
 	Process OMPI jobid: [20959,1] App: 0 Process rank: 26 Bound: socket 0[core 0[hwt 0]], socket 0[core 1[hwt 0]], socket 0[core 2[hwt 0]], socket 0[core 3[hwt 0]], socket 0[core 4[hwt 0]], socket 0[core 5[hwt 0]], socket 0[core 6[hwt 0]], socket 0[core 7[hwt 0]], socket 0[core 8[hwt 0]], socket 0[core 9[hwt 0]], socket 0[core 10[hwt 0]], socket 0[core 11[hwt 0]], socket 0[core 12[hwt 0]], socket 0[core 13[hwt 0]], socket 0[core 14[hwt 0]], socket 0[core 15[hwt 0]], socket 0[core 16[hwt 0]], socket 0[core 17[hwt 0]]:[B/B/B/B/B/B/B/B/B/B/B/B/B/B/B/B/B/B][./././././././././././././././././.]
 	Process OMPI jobid: [20959,1] App: 0 Process rank: 27 Bound: socket 1[core 18[hwt 0]], socket 1[core 19[hwt 0]], socket 1[core 20[hwt 0]], socket 1[core 21[hwt 0]], socket 1[core 22[hwt 0]], socket 1[core 23[hwt 0]], socket 1[core 24[hwt 0]], socket 1[core 25[hwt 0]], socket 1[core 26[hwt 0]], socket 1[core 27[hwt 0]], socket 1[core 28[hwt 0]], socket 1[core 29[hwt 0]], socket 1[core 30[hwt 0]], socket 1[core 31[hwt 0]], socket 1[core 32[hwt 0]], socket 1[core 33[hwt 0]], socket 1[core 34[hwt 0]], socket 1[core 35[hwt 0]]:[./././././././././././././././././.][B/B/B/B/B/B/B/B/B/B/B/B/B/B/B/B/B/B]
 	Process OMPI jobid: [20959,1] App: 0 Process rank: 28 Bound: socket 0[core 0[hwt 0]], socket 0[core 1[hwt 0]], socket 0[core 2[hwt 0]], socket 0[core 3[hwt 0]], socket 0[core 4[hwt 0]], socket 0[core 5[hwt 0]], socket 0[core 6[hwt 0]], socket 0[core 7[hwt 0]], socket 0[core 8[hwt 0]], socket 0[core 9[hwt 0]], socket 0[core 10[hwt 0]], socket 0[core 11[hwt 0]], socket 0[core 12[hwt 0]], socket 0[core 13[hwt 0]], socket 0[core 14[hwt 0]], socket 0[core 15[hwt 0]], socket 0[core 16[hwt 0]], socket 0[core 17[hwt 0]]:[B/B/B/B/B/B/B/B/B/B/B/B/B/B/B/B/B/B][./././././././././././././././././.]
 	Process OMPI jobid: [20959,1] App: 0 Process rank: 29 Bound: socket 1[core 18[hwt 0]], socket 1[core 19[hwt 0]], socket 1[core 20[hwt 0]], socket 1[core 21[hwt 0]], socket 1[core 22[hwt 0]], socket 1[core 23[hwt 0]], socket 1[core 24[hwt 0]], socket 1[core 25[hwt 0]], socket 1[core 26[hwt 0]], socket 1[core 27[hwt 0]], socket 1[core 28[hwt 0]], socket 1[core 29[hwt 0]], socket 1[core 30[hwt 0]], socket 1[core 31[hwt 0]], socket 1[core 32[hwt 0]], socket 1[core 33[hwt 0]], socket 1[core 34[hwt 0]], socket 1[core 35[hwt 0]]:[./././././././././././././././././.][B/B/B/B/B/B/B/B/B/B/B/B/B/B/B/B/B/B]
 	Process OMPI jobid: [20959,1] App: 0 Process rank: 30 Bound: socket 0[core 0[hwt 0]], socket 0[core 1[hwt 0]], socket 0[core 2[hwt 0]], socket 0[core 3[hwt 0]], socket 0[core 4[hwt 0]], socket 0[core 5[hwt 0]], socket 0[core 6[hwt 0]], socket 0[core 7[hwt 0]], socket 0[core 8[hwt 0]], socket 0[core 9[hwt 0]], socket 0[core 10[hwt 0]], socket 0[core 11[hwt 0]], socket 0[core 12[hwt 0]], socket 0[core 13[hwt 0]], socket 0[core 14[hwt 0]], socket 0[core 15[hwt 0]], socket 0[core 16[hwt 0]], socket 0[core 17[hwt 0]]:[B/B/B/B/B/B/B/B/B/B/B/B/B/B/B/B/B/B][./././././././././././././././././.]
 	Process OMPI jobid: [20959,1] App: 0 Process rank: 31 Bound: socket 1[core 18[hwt 0]], socket 1[core 19[hwt 0]], socket 1[core 20[hwt 0]], socket 1[core 21[hwt 0]], socket 1[core 22[hwt 0]], socket 1[core 23[hwt 0]], socket 1[core 24[hwt 0]], socket 1[core 25[hwt 0]], socket 1[core 26[hwt 0]], socket 1[core 27[hwt 0]], socket 1[core 28[hwt 0]], socket 1[core 29[hwt 0]], socket 1[core 30[hwt 0]], socket 1[core 31[hwt 0]], socket 1[core 32[hwt 0]], socket 1[core 33[hwt 0]], socket 1[core 34[hwt 0]], socket 1[core 35[hwt 0]]:[./././././././././././././././././.][B/B/B/B/B/B/B/B/B/B/B/B/B/B/B/B/B/B]
 	Process OMPI jobid: [20959,1] App: 0 Process rank: 32 Bound: socket 0[core 0[hwt 0]], socket 0[core 1[hwt 0]], socket 0[core 2[hwt 0]], socket 0[core 3[hwt 0]], socket 0[core 4[hwt 0]], socket 0[core 5[hwt 0]], socket 0[core 6[hwt 0]], socket 0[core 7[hwt 0]], socket 0[core 8[hwt 0]], socket 0[core 9[hwt 0]], socket 0[core 10[hwt 0]], socket 0[core 11[hwt 0]], socket 0[core 12[hwt 0]], socket 0[core 13[hwt 0]], socket 0[core 14[hwt 0]], socket 0[core 15[hwt 0]], socket 0[core 16[hwt 0]], socket 0[core 17[hwt 0]]:[B/B/B/B/B/B/B/B/B/B/B/B/B/B/B/B/B/B][./././././././././././././././././.]
 	Process OMPI jobid: [20959,1] App: 0 Process rank: 33 Bound: socket 1[core 18[hwt 0]], socket 1[core 19[hwt 0]], socket 1[core 20[hwt 0]], socket 1[core 21[hwt 0]], socket 1[core 22[hwt 0]], socket 1[core 23[hwt 0]], socket 1[core 24[hwt 0]], socket 1[core 25[hwt 0]], socket 1[core 26[hwt 0]], socket 1[core 27[hwt 0]], socket 1[core 28[hwt 0]], socket 1[core 29[hwt 0]], socket 1[core 30[hwt 0]], socket 1[core 31[hwt 0]], socket 1[core 32[hwt 0]], socket 1[core 33[hwt 0]], socket 1[core 34[hwt 0]], socket 1[core 35[hwt 0]]:[./././././././././././././././././.][B/B/B/B/B/B/B/B/B/B/B/B/B/B/B/B/B/B]
 	Process OMPI jobid: [20959,1] App: 0 Process rank: 34 Bound: socket 0[core 0[hwt 0]], socket 0[core 1[hwt 0]], socket 0[core 2[hwt 0]], socket 0[core 3[hwt 0]], socket 0[core 4[hwt 0]], socket 0[core 5[hwt 0]], socket 0[core 6[hwt 0]], socket 0[core 7[hwt 0]], socket 0[core 8[hwt 0]], socket 0[core 9[hwt 0]], socket 0[core 10[hwt 0]], socket 0[core 11[hwt 0]], socket 0[core 12[hwt 0]], socket 0[core 13[hwt 0]], socket 0[core 14[hwt 0]], socket 0[core 15[hwt 0]], socket 0[core 16[hwt 0]], socket 0[core 17[hwt 0]]:[B/B/B/B/B/B/B/B/B/B/B/B/B/B/B/B/B/B][./././././././././././././././././.]
 	Process OMPI jobid: [20959,1] App: 0 Process rank: 35 Bound: socket 1[core 18[hwt 0]], socket 1[core 19[hwt 0]], socket 1[core 20[hwt 0]], socket 1[core 21[hwt 0]], socket 1[core 22[hwt 0]], socket 1[core 23[hwt 0]], socket 1[core 24[hwt 0]], socket 1[core 25[hwt 0]], socket 1[core 26[hwt 0]], socket 1[core 27[hwt 0]], socket 1[core 28[hwt 0]], socket 1[core 29[hwt 0]], socket 1[core 30[hwt 0]], socket 1[core 31[hwt 0]], socket 1[core 32[hwt 0]], socket 1[core 33[hwt 0]], socket 1[core 34[hwt 0]], socket 1[core 35[hwt 0]]:[./././././././././././././././././.][B/B/B/B/B/B/B/B/B/B/B/B/B/B/B/B/B/B]

 =============================================================
LAMMPS (22 Aug 2018)
Reading data file ...
  triclinic box = (0 0 0) to (37.5288 37.5864 37.5111) with tilt (0 0 0)
  3 by 4 by 3 MPI processor grid
  reading atoms ...
  4500 atoms
  scanning bonds ...
  1 = max bonds/atom
  scanning angles ...
  6 = max angles/atom
  scanning dihedrals ...
  10 = max dihedrals/atom
  reading bonds ...
  4000 bonds
  reading angles ...
  6500 angles
  reading dihedrals ...
  6000 dihedrals
Finding 1-2 1-3 1-4 neighbors ...
  special bond factors lj:   0          0          0         
  special bond factors coul: 0          0          0         
  4 = max # of 1-2 neighbors
  4 = max # of 1-3 neighbors
  7 = max # of 1-4 neighbors
  8 = max # of special neighbors
Finding 1-2 1-3 1-4 neighbors ...
  special bond factors lj:   0          0          0.5       
  special bond factors coul: 0          0          0.5       
  4 = max # of 1-2 neighbors
  4 = max # of 1-3 neighbors
  7 = max # of 1-4 neighbors
  8 = max # of special neighbors
PPPM initialization ...
  using 12-bit tables for long-range coulomb (../kspace.cpp:321)
  G vector (1/distance) = 0.281292
  grid = 24 24 24
  stencil order = 5
  estimated absolute RMS force accuracy = 0.00250443
  estimated relative force accuracy = 7.54202e-06
  using double precision FFTs
  3d grid and FFT values/proc = 2925 384
Neighbor list info ...
  update every 1 steps, delay 10 steps, check yes
  max neighbors/atom: 2000, page size: 100000
  master list distance cutoff = 12.5
  ghost atom cutoff = 12.5
  binsize = 6.25, bins = 7 7 7
  1 neighbor lists, perpetual/occasional/extra = 1 0 0
  (1) pair lj/cut/coul/long, perpetual
      attributes: half, newton on
      pair build: half/bin/newton/tri
      stencil: half/bin/3d/newton/tri
      bin: standard
Setting up Verlet run ...
  Unit style    : real
  Current step  : 0
  Time step     : 2
Per MPI rank memory allocation (min/avg/max) = 11.73 | 11.92 | 12.87 Mbytes
TotEng PotEng E_vdwl E_coul E_pair E_bond E_angle E_dihed E_tail E_long 
   7536.6563    7536.6563    4674.2491    19268.731    5522.8174 1.4257279e-05    1728.7931    285.04575   -91.484935   -18420.163 
Loop time of 7.32486e-05 on 36 procs for 0 steps with 4500 atoms

73.5% CPU use with 36 MPI tasks x no OpenMP threads

MPI task timing breakdown:
Section |  min time  |  avg time  |  max time  |%varavg| %total
---------------------------------------------------------------
Pair    | 0          | 0          | 0          |   0.0 |  0.00
Bond    | 0          | 0          | 0          |   0.0 |  0.00
Kspace  | 0          | 0          | 0          |   0.0 |  0.00
Neigh   | 0          | 0          | 0          |   0.0 |  0.00
Comm    | 0          | 0          | 0          |   0.0 |  0.00
Output  | 0          | 0          | 0          |   0.0 |  0.00
Modify  | 0          | 0          | 0          |   0.0 |  0.00
Other   |            | 7.325e-05  |            |       |100.00

Nlocal:    125 ave 202 max 60 min
Histogram: 2 2 3 9 8 2 5 3 1 1
Nghost:    3923.17 ave 4009 max 3838 min
Histogram: 1 4 1 5 8 5 4 4 3 1
Neighs:    47480.3 ave 105599 max 18552 min
Histogram: 7 4 7 4 4 7 0 1 0 2

Total # of neighbors = 1709290
Ave neighs/atom = 379.842
Ave special neighs/atom = 7.33333
Neighbor list builds = 0
Dangerous builds = 0
#step total pe vdw coul pair bonds angle dihedral tail kspace
0 7536.65631079545 7536.65631079545 4674.24912908797 19268.7313037599 5522.8174062966 1.42572788053627e-05 1728.7931444718 285.045745769775 -91.484935417414 -18420.1630265513
ERROR: Could not find fix ID to delete (../modify.cpp:985)
Last command: unfix intiegrator
--------------------------------------------------------------------------
Primary job  terminated normally, but 1 process returned
a non-zero exit code. Per user-direction, the job has been aborted.
--------------------------------------------------------------------------
--------------------------------------------------------------------------
mpirun detected that one or more processes exited with non-zero status, thus causing
the job to be terminated. The first process to do so was:

  Process name: [[20959,1],31]
  Exit code:    1
--------------------------------------------------------------------------
-- end OPENMPI run --
