conda 4.10.3
Mon Sep 13 22:40:08 CDT 2021
benzeneUA NPT 450.0 2260.0
ethanolAA NPT 280.0 101.325
ethanolAA NPT 300.0 101.325
ethanolAA NPT 320.0 101.325
methaneUA GEMC-NVT 140.0 1318.0
a60bc86f2137193763b544594fd31fac
d339d798db9f7d53a4ccf7e7c6d8ddf0
787e00febc557e91e85cc74619022c93
b836337440e161be3ce2e17e218ae776
a2be9ec824eef9897a99471aa9078a73
049b0f94a5a46b614546e6854be9f0a4
6d071843d98cc0cd7c3b1f31395a1515
ac58bcc115f8fc494bbb684580921db6
98bf295b7bceb23c050ffb408c2d39a3
dac5170f91b97cf1b1852e717866f65e
be16b44eba57322b001c6e2a21bbbe3b
946a876ae2131245b0b242b30e18f00d
461997689d2f6fd16b18981656138185
29b01d894d90ff536937ce843a4a14a7
7ec49eb14171cde1379284ce28384738
bb059c9d7b2f539b43378b7a516faa6c
methaneUA NPT 140.0 1318.0
The filename is box1movie1a.prod0.pdb and the prod number is 0. These two should match.
one traj loaded
The filename is box1movie1a.prod1.pdb and the prod number is 1. These two should match.
one traj loaded
The filename is box1movie1a.prod2.pdb and the prod number is 2. These two should match.
one traj loaded
The filename is box1movie1a.prod3.pdb and the prod number is 3. These two should match.
one traj loaded
The filename is box1movie1a.prod0.pdb and the prod number is 0. These two should match.
one traj loaded
The filename is box1movie1a.prod1.pdb and the prod number is 1. These two should match.
one traj loaded
The filename is box1movie1a.prod2.pdb and the prod number is 2. These two should match.
one traj loaded
The filename is box1movie1a.prod3.pdb and the prod number is 3. These two should match.
one traj loaded
The filename is box1movie1a.prod0.pdb and the prod number is 0. These two should match.
one traj loaded
The filename is box1movie1a.prod1.pdb and the prod number is 1. These two should match.
one traj loaded
The filename is box1movie1a.prod2.pdb and the prod number is 2. These two should match.
one traj loaded
The filename is box1movie1a.prod3.pdb and the prod number is 3. These two should match.
one traj loaded
The filename is box1movie1a.prod0.pdb and the prod number is 0. These two should match.
one traj loaded
The filename is box1movie1a.prod1.pdb and the prod number is 1. These two should match.
one traj loaded
The filename is box1movie1a.prod2.pdb and the prod number is 2. These two should match.
one traj loaded
The filename is box1movie1a.prod3.pdb and the prod number is 3. These two should match.
one traj loaded
The filename is box1movie1a.prod0.pdb and the prod number is 0. These two should match.
one traj loaded
The filename is box1movie1a.prod1.pdb and the prod number is 1. These two should match.
one traj loaded
The filename is box1movie1a.prod2.pdb and the prod number is 2. These two should match.
one traj loaded
The filename is box1movie1a.prod3.pdb and the prod number is 3. These two should match.
one traj loaded
The filename is box1movie1a.prod0.pdb and the prod number is 0. These two should match.
one traj loaded
The filename is box1movie1a.prod1.pdb and the prod number is 1. These two should match.
one traj loaded
The filename is box1movie1a.prod2.pdb and the prod number is 2. These two should match.
one traj loaded
The filename is box1movie1a.prod3.pdb and the prod number is 3. These two should match.
one traj loaded
The filename is box1movie1a.prod0.pdb and the prod number is 0. These two should match.
one traj loaded
The filename is box1movie1a.prod1.pdb and the prod number is 1. These two should match.
one traj loaded
The filename is box1movie1a.prod2.pdb and the prod number is 2. These two should match.
one traj loaded
The filename is box1movie1a.prod3.pdb and the prod number is 3. These two should match.
one traj loaded
The filename is box1movie1a.prod0.pdb and the prod number is 0. These two should match.
one traj loaded
The filename is box1movie1a.prod1.pdb and the prod number is 1. These two should match.
one traj loaded
The filename is box1movie1a.prod2.pdb and the prod number is 2. These two should match.
one traj loaded
The filename is box1movie1a.prod3.pdb and the prod number is 3. These two should match.
one traj loaded
The filename is box1movie1a.prod0.pdb and the prod number is 0. These two should match.
one traj loaded
The filename is box1movie1a.prod1.pdb and the prod number is 1. These two should match.
one traj loaded
The filename is box1movie1a.prod2.pdb and the prod number is 2. These two should match.
one traj loaded
The filename is box1movie1a.prod3.pdb and the prod number is 3. These two should match.
one traj loaded
The filename is box1movie1a.prod0.pdb and the prod number is 0. These two should match.
one traj loaded
The filename is box1movie1a.prod1.pdb and the prod number is 1. These two should match.
one traj loaded
The filename is box1movie1a.prod2.pdb and the prod number is 2. These two should match.
one traj loaded
The filename is box1movie1a.prod3.pdb and the prod number is 3. These two should match.
one traj loaded
The filename is box1movie1a.prod0.pdb and the prod number is 0. These two should match.
one traj loaded
The filename is box1movie1a.prod1.pdb and the prod number is 1. These two should match.
one traj loaded
The filename is box1movie1a.prod2.pdb and the prod number is 2. These two should match.
one traj loaded
The filename is box1movie1a.prod3.pdb and the prod number is 3. These two should match.
one traj loaded
The filename is box1movie1a.prod0.pdb and the prod number is 0. These two should match.
one traj loaded
The filename is box1movie1a.prod1.pdb and the prod number is 1. These two should match.
one traj loaded
The filename is box1movie1a.prod2.pdb and the prod number is 2. These two should match.
one traj loaded
The filename is box1movie1a.prod3.pdb and the prod number is 3. These two should match.
one traj loaded
The filename is box1movie1a.prod0.pdb and the prod number is 0. These two should match.
one traj loaded
The filename is box1movie1a.prod1.pdb and the prod number is 1. These two should match.
one traj loaded
The filename is box1movie1a.prod2.pdb and the prod number is 2. These two should match.
one traj loaded
The filename is box1movie1a.prod3.pdb and the prod number is 3. These two should match.
one traj loaded
The filename is box1movie1a.prod0.pdb and the prod number is 0. These two should match.
one traj loaded
The filename is box1movie1a.prod1.pdb and the prod number is 1. These two should match.
one traj loaded
The filename is box1movie1a.prod2.pdb and the prod number is 2. These two should match.
one traj loaded
The filename is box1movie1a.prod3.pdb and the prod number is 3. These two should match.
one traj loaded
The filename is box1movie1a.prod0.pdb and the prod number is 0. These two should match.
one traj loaded
The filename is box1movie1a.prod1.pdb and the prod number is 1. These two should match.
one traj loaded
The filename is box1movie1a.prod2.pdb and the prod number is 2. These two should match.
one traj loaded
The filename is box1movie1a.prod3.pdb and the prod number is 3. These two should match.
one traj loaded
The filename is box1movie1a.prod0.pdb and the prod number is 0. These two should match.
one traj loaded
The filename is box1movie1a.prod1.pdb and the prod number is 1. These two should match.
one traj loaded
The filename is box1movie1a.prod2.pdb and the prod number is 2. These two should match.
one traj loaded
The filename is box1movie1a.prod3.pdb and the prod number is 3. These two should match.
one traj loaded
A total of 64 trajs. Ideal number is be 64.
pentaneUA GEMC-NVT 372.0 1402.0
pentaneUA NPT 372.0 1402.0
waterSPCE NPT 280.0 101.325
waterSPCE NPT 300.0 101.325
waterSPCE NPT 320.0 101.325
Tue Sep 14 00:50:13 CDT 2021
